2024-10-04T06:04:09.027Z [error]: Error in main process: this.client.getAccountKey is not a function
2024-10-04T06:05:05.797Z [info]: LetsEncrypt account created
2024-10-04T06:05:08.329Z [info]: Challenge created for traefik.wexfi.com
2024-10-04T06:07:17.793Z [info]: LetsEncrypt account created
2024-10-04T06:07:19.902Z [info]: Challenge created for traefik.wexfi.com
2024-10-04T06:08:12.067Z [info]: Initializing LetsEncrypt service...
2024-10-04T06:08:12.184Z [info]: Creating ACME account...
2024-10-04T06:08:13.991Z [info]: LetsEncrypt account created successfully
2024-10-04T06:08:13.992Z [info]: Starting certificate acquisition for traefik.wexfi.com
2024-10-04T06:08:13.993Z [info]: Generating CSR for traefik.wexfi.com
2024-10-04T06:08:14.322Z [info]: Initiating ACME challenge for traefik.wexfi.com
2024-10-04T06:08:16.125Z [info]: Challenge created for traefik.wexfi.com
2024-10-04T06:08:16.125Z [info]: Challenge type: http-01
2024-10-04T06:08:16.126Z [info]: File path: /.well-known/acme-challenge/Wnk5W1Eo6h7hlJFVAVmvr3AbpXntRJtZ9Qf1D1UwazA
2024-10-04T06:08:16.126Z [info]: File content: Wnk5W1Eo6h7hlJFVAVmvr3AbpXntRJtZ9Qf1D1UwazA.kr_EwarqOq1BNqdTTc9l-3gLPz1pHM42tspSxGiNKxQ
2024-10-04T06:08:54.438Z [info]: Initializing LetsEncrypt service...
2024-10-04T06:08:54.666Z [info]: Creating ACME account...
2024-10-04T06:08:56.170Z [info]: LetsEncrypt account created successfully
2024-10-04T06:08:56.171Z [info]: Starting certificate acquisition for portainer.wexfi.com
2024-10-04T06:08:56.171Z [info]: Generating CSR for portainer.wexfi.com
2024-10-04T06:08:56.478Z [info]: Initiating ACME challenge for portainer.wexfi.com
2024-10-04T06:08:58.315Z [info]: Challenge created for portainer.wexfi.com
2024-10-04T06:08:58.315Z [info]: Challenge type: http-01
2024-10-04T06:08:58.316Z [info]: File path: /.well-known/acme-challenge/X-OKtxxsGZz1uJhyLm6RJiHCFpwiR4D-Vp8BqxNJv6M
2024-10-04T06:08:58.316Z [info]: File content: X-OKtxxsGZz1uJhyLm6RJiHCFpwiR4D-Vp8BqxNJv6M.du2C_rn0QFmSBaNhOcrm9BLyCnD64lcuVljXFmSGQKQ
2024-10-04T06:11:56.055Z [info]: Initializing LetsEncrypt service...
2024-10-04T06:11:56.207Z [info]: Creating ACME account...
2024-10-04T06:11:57.739Z [info]: LetsEncrypt account created successfully
2024-10-04T06:11:57.740Z [info]: Starting certificate acquisition for portainer.wexfi.com
2024-10-04T06:11:57.740Z [info]: Generating CSR for portainer.wexfi.com
2024-10-04T06:11:58.078Z [info]: Initiating ACME challenge for portainer.wexfi.com
2024-10-04T06:11:59.725Z [info]: Challenge created for portainer.wexfi.com
2024-10-04T06:11:59.725Z [info]: Challenge type: http-01
2024-10-04T06:11:59.725Z [info]: File path: /.well-known/acme-challenge/hzaQXFSRhcqehkPvFf-atLDIwx9RHx_V8NOlYTA_5ec
2024-10-04T06:11:59.726Z [info]: File content: hzaQXFSRhcqehkPvFf-atLDIwx9RHx_V8NOlYTA_5ec.AjBZOm552-wmvwFYJEwvSAqCzC0eZ-rt-Q06qSQ8UJE
2024-10-04T06:14:48.009Z [info]: Initializing LetsEncrypt service...
2024-10-04T06:14:48.303Z [info]: Creating ACME account...
2024-10-04T06:14:49.970Z [info]: LetsEncrypt account created successfully
2024-10-04T06:14:49.970Z [info]: Starting certificate acquisition for www.wexfi.com
2024-10-04T06:14:49.971Z [info]: Generating CSR for www.wexfi.com
2024-10-04T06:14:50.234Z [info]: Initiating ACME challenge for www.wexfi.com
2024-10-04T06:14:52.000Z [info]: Challenge created for www.wexfi.com
2024-10-04T06:14:52.001Z [info]: Challenge type: http-01
2024-10-04T06:14:52.001Z [info]: File path: /.well-known/acme-challenge/fen3ZybfdGuHEdCBrKbhu3105fuEVc2cNyzVpk3by6M
2024-10-04T06:14:52.001Z [info]: File content: fen3ZybfdGuHEdCBrKbhu3105fuEVc2cNyzVpk3by6M.bl2sXLZ_RJTCnJHi3qZ5_2sPYkEaH83YU4_wkYFzFqg
2024-10-04T06:25:17.846Z [info]: Initializing LetsEncrypt service...
2024-10-04T06:25:18.032Z [info]: Creating ACME account...
2024-10-04T06:25:19.621Z [info]: LetsEncrypt account created successfully
2024-10-04T06:25:19.622Z [info]: Starting certificate acquisition for www.wexfi.com
2024-10-04T06:25:19.622Z [info]: Generating CSR for www.wexfi.com
2024-10-04T06:25:20.100Z [info]: Initiating ACME challenge for www.wexfi.com
2024-10-04T06:25:21.875Z [info]: Challenge created for www.wexfi.com
2024-10-04T06:25:21.875Z [info]: Challenge type: http-01
2024-10-04T06:25:21.876Z [info]: File path: /.well-known/acme-challenge/Q34A5nmm0m9uBct7R3VJmLlJQaiedD8YAfE3z0vxr9o
2024-10-04T06:25:21.876Z [info]: File content: Q34A5nmm0m9uBct7R3VJmLlJQaiedD8YAfE3z0vxr9o.CVG-kaEbl0o8vdhAMJUzAyefKLWDPD-w_3NhPP2AMIg
2024-10-04T06:32:19.405Z [info]: Initializing LetsEncrypt service...
2024-10-04T06:32:19.691Z [info]: Creating ACME account...
2024-10-04T06:32:21.298Z [info]: LetsEncrypt account created successfully
2024-10-04T06:32:21.299Z [info]: Starting certificate acquisition for www.wexfi.com
2024-10-04T06:32:21.299Z [info]: Generating CSR for www.wexfi.com
2024-10-04T06:32:21.708Z [info]: Initiating ACME challenge for www.wexfi.com
2024-10-04T06:32:23.449Z [info]: Challenge created for www.wexfi.com
2024-10-04T06:32:23.449Z [info]: Challenge type: http-01
2024-10-04T06:32:23.449Z [info]: File path: /.well-known/acme-challenge/SMB5CLqr-eGReBWc3NkEDN4SqLig3nkRn6_MkLgyaUk
2024-10-04T06:32:23.449Z [info]: File content: SMB5CLqr-eGReBWc3NkEDN4SqLig3nkRn6_MkLgyaUk.jQ0kY83cHRSrVvVH8ctgGrV2qXHtXXGoQ2euo19pKLg
2024-10-04T06:51:44.881Z [info]: Initializing LetsEncrypt service...
2024-10-04T06:51:44.953Z [info]: Creating ACME account...
2024-10-04T06:51:46.516Z [info]: LetsEncrypt account created successfully
2024-10-04T06:51:46.517Z [info]: Starting certificate acquisition for www.wexfi.com
2024-10-04T06:51:46.517Z [info]: Generating CSR for www.wexfi.com
2024-10-04T06:51:46.836Z [info]: Initiating ACME challenge for www.wexfi.com
2024-10-04T06:51:48.659Z [info]: Challenge created for www.wexfi.com
2024-10-04T06:51:48.660Z [info]: Challenge type: dns-01
2024-10-04T06:51:48.660Z [info]: File path: /.well-known/acme-challenge/WIN7jdrYbWFzfZaZEN6z211ZT2MZcwrhlYFasL2c1aI
2024-10-04T06:51:48.660Z [info]: File content: bjF0fqu9rlo77TjiQyHsUu4DMMi-lXasOw2SHBvMnQg
2024-10-04T06:52:31.570Z [info]: Initializing LetsEncrypt service...
2024-10-04T06:52:31.792Z [info]: Creating ACME account...
2024-10-04T06:52:33.322Z [info]: LetsEncrypt account created successfully
2024-10-04T06:52:33.322Z [info]: Starting certificate acquisition for www.wexfi.com
2024-10-04T06:52:33.322Z [info]: Generating CSR for www.wexfi.com
2024-10-04T06:52:33.763Z [info]: Initiating ACME challenge for www.wexfi.com
2024-10-04T06:52:35.465Z [info]: Challenge created for www.wexfi.com
2024-10-04T06:52:35.466Z [info]: Challenge type: dns-01
2024-10-04T06:52:35.466Z [info]: DNS record name: _acme-challenge.www.wexfi.com
2024-10-04T06:52:35.466Z [info]: DNS record value: joa9Tg-vNg7NbwZGjEdQUpBZ9A903ll-dIwjV8hxy1I
2024-10-04T06:53:25.065Z [info]: Initializing LetsEncrypt service...
2024-10-04T06:53:25.288Z [info]: Creating ACME account...
2024-10-04T06:53:26.776Z [info]: LetsEncrypt account created successfully
2024-10-04T06:53:26.777Z [info]: Starting certificate acquisition for www.wexfi.com
2024-10-04T06:53:26.777Z [info]: Generating CSR for www.wexfi.com
2024-10-04T06:53:26.951Z [info]: Initiating ACME challenge for www.wexfi.com
2024-10-04T06:53:28.612Z [info]: Challenge created for www.wexfi.com
2024-10-04T06:53:28.612Z [info]: Challenge type: dns-01
2024-10-04T06:53:28.613Z [info]: DNS record name: _acme-challenge.www.wexfi.com
2024-10-04T06:53:28.613Z [info]: DNS record value: dw039odbn7BHKs_aHsjlbfHL9sgYGdDV94Pd6GygO9o
2024-10-04T06:57:07.146Z [info]: Challenge removed for www.wexfi.com
2024-10-04T06:57:07.147Z [info]: DNS record name: _acme-challenge.www.wexfi.com
2024-10-04T06:57:09.383Z [error]: Error getting certificate for www.wexfi.com: No TXT records found for name: _acme-challenge.www.wexfi.com
2024-10-04T06:57:09.384Z [error]: Failed to renew certificate for [object Object]: No TXT records found for name: _acme-challenge.www.wexfi.com
2024-10-04T06:57:09.384Z [info]: Starting certificate acquisition for api.wexfi.com
2024-10-04T06:57:09.384Z [info]: Generating CSR for api.wexfi.com
2024-10-04T06:57:09.683Z [info]: Initiating ACME challenge for api.wexfi.com
2024-10-04T06:57:11.436Z [info]: Challenge created for api.wexfi.com
2024-10-04T06:57:11.436Z [info]: Challenge type: dns-01
2024-10-04T06:57:11.436Z [info]: DNS record name: _acme-challenge.api.wexfi.com
2024-10-04T06:57:11.436Z [info]: DNS record value: x4gq_vVrQwdchhXSl9TdDYZUfdhuPKReXNz9CvjnHnc
2024-10-04T07:00:24.647Z [info]: Initializing LetsEncrypt service...
2024-10-04T07:00:24.932Z [info]: Creating ACME account...
2024-10-04T07:00:26.505Z [info]: LetsEncrypt account created successfully
2024-10-04T07:00:26.506Z [info]: Starting certificate acquisition for www.wexfi.com
2024-10-04T07:00:26.506Z [info]: Generating CSR for www.wexfi.com
2024-10-04T07:00:26.922Z [info]: Initiating ACME challenge for www.wexfi.com
2024-10-04T07:00:28.711Z [info]: Challenge created for www.wexfi.com
2024-10-04T07:00:28.711Z [info]: Challenge type: dns-01
2024-10-04T07:00:28.711Z [info]: DNS record name: _acme-challenge.www.wexfi.com
2024-10-04T07:00:28.712Z [info]: DNS record value: -DIQLymHRRF2ZobXUPeoxwXYbpgBfyje6C4beXhU8J0
2024-10-04T07:00:28.713Z [info]: Challenge removed for www.wexfi.com
2024-10-04T07:00:28.713Z [info]: DNS record name: _acme-challenge.www.wexfi.com
2024-10-04T07:00:29.577Z [error]: Error getting certificate for www.wexfi.com: this.waitForDNSPropagation is not a function
2024-10-04T07:00:29.577Z [error]: Failed to renew certificate for [object Object]: this.waitForDNSPropagation is not a function
2024-10-04T07:00:29.577Z [info]: Starting certificate acquisition for api.wexfi.com
2024-10-04T07:00:29.577Z [info]: Generating CSR for api.wexfi.com
2024-10-04T07:00:29.817Z [info]: Initiating ACME challenge for api.wexfi.com
2024-10-04T07:00:31.616Z [info]: Challenge created for api.wexfi.com
2024-10-04T07:00:31.616Z [info]: Challenge type: dns-01
2024-10-04T07:00:31.617Z [info]: DNS record name: _acme-challenge.api.wexfi.com
2024-10-04T07:00:31.617Z [info]: DNS record value: b9cLKyvXH7yXiLOsePyMzBDoCM-SXY86I5zIE8UvtLk
2024-10-04T07:00:31.617Z [info]: Challenge removed for api.wexfi.com
2024-10-04T07:00:31.617Z [info]: DNS record name: _acme-challenge.api.wexfi.com
2024-10-04T07:00:32.411Z [error]: Error getting certificate for api.wexfi.com: this.waitForDNSPropagation is not a function
2024-10-04T07:00:32.411Z [error]: Failed to renew certificate for api.wexfi.com: this.waitForDNSPropagation is not a function
2024-10-04T07:00:32.411Z [info]: Starting certificate acquisition for socket.wexfi.com
2024-10-04T07:00:32.411Z [info]: Generating CSR for socket.wexfi.com
2024-10-04T07:00:32.701Z [info]: Initiating ACME challenge for socket.wexfi.com
2024-10-04T07:00:34.384Z [info]: Challenge created for socket.wexfi.com
2024-10-04T07:00:34.384Z [info]: Challenge type: dns-01
2024-10-04T07:00:34.384Z [info]: DNS record name: _acme-challenge.socket.wexfi.com
2024-10-04T07:00:34.384Z [info]: DNS record value: cTAxgit9OHqAKXBulibqzYWljg7_uP67W1Gn32bBsxM
2024-10-04T07:00:34.385Z [info]: Challenge removed for socket.wexfi.com
2024-10-04T07:00:34.385Z [info]: DNS record name: _acme-challenge.socket.wexfi.com
2024-10-04T07:00:35.209Z [error]: Error getting certificate for socket.wexfi.com: this.waitForDNSPropagation is not a function
2024-10-04T07:00:35.210Z [error]: Failed to renew certificate for socket.wexfi.com: this.waitForDNSPropagation is not a function
2024-10-04T07:00:35.212Z [info]: Output file written to ./acme.json
2024-10-04T07:00:35.212Z [info]: Certificate renewal process completed successfully
2024-10-04T07:01:30.981Z [info]: Initializing LetsEncrypt service...
2024-10-04T07:01:31.417Z [info]: Creating ACME account...
2024-10-04T07:01:32.963Z [info]: LetsEncrypt account created successfully
2024-10-04T07:01:32.964Z [info]: Starting certificate acquisition for www.wexfi.com
2024-10-04T07:01:32.964Z [info]: Generating CSR for www.wexfi.com
2024-10-04T07:01:33.125Z [info]: Initiating ACME challenge for www.wexfi.com
2024-10-04T07:01:34.722Z [info]: Challenge created for www.wexfi.com
2024-10-04T07:01:34.723Z [info]: Challenge type: dns-01
2024-10-04T07:01:34.723Z [info]: DNS record name: _acme-challenge.www.wexfi.com
2024-10-04T07:01:34.723Z [info]: DNS record value: ybPlkhdk5212T6eZXnBiZ1-YWCm58SOkz9VgboFY_9s
2024-10-04T07:01:34.739Z [warn]: Error checking DNS record: queryTxt ENOTFOUND _acme-challenge.www.wexfi.com
2024-10-04T07:01:34.739Z [info]: DNS record not propagated yet. Attempt 1/10
2024-10-04T07:02:04.740Z [warn]: Error checking DNS record: queryTxt ENOTFOUND _acme-challenge.www.wexfi.com
2024-10-04T07:02:04.740Z [info]: DNS record not propagated yet. Attempt 2/10
2024-10-04T07:02:34.804Z [warn]: Error checking DNS record: queryTxt ENOTFOUND _acme-challenge.www.wexfi.com
2024-10-04T07:02:34.805Z [info]: DNS record not propagated yet. Attempt 3/10
2024-10-04T07:03:04.805Z [warn]: Error checking DNS record: queryTxt ENOTFOUND _acme-challenge.www.wexfi.com
2024-10-04T07:03:04.806Z [info]: DNS record not propagated yet. Attempt 4/10
2024-10-04T07:03:34.806Z [warn]: Error checking DNS record: queryTxt ENOTFOUND _acme-challenge.www.wexfi.com
2024-10-04T07:03:34.806Z [info]: DNS record not propagated yet. Attempt 5/10
2024-10-04T07:04:04.806Z [warn]: Error checking DNS record: queryTxt ENOTFOUND _acme-challenge.www.wexfi.com
2024-10-04T07:04:04.806Z [info]: DNS record not propagated yet. Attempt 6/10
2024-10-04T07:04:34.807Z [warn]: Error checking DNS record: queryTxt ENOTFOUND _acme-challenge.www.wexfi.com
2024-10-04T07:04:34.807Z [info]: DNS record not propagated yet. Attempt 7/10
2024-10-04T07:05:04.808Z [warn]: Error checking DNS record: queryTxt ENOTFOUND _acme-challenge.www.wexfi.com
2024-10-04T07:05:04.809Z [info]: DNS record not propagated yet. Attempt 8/10
2024-10-04T07:05:34.808Z [warn]: Error checking DNS record: queryTxt ENOTFOUND _acme-challenge.www.wexfi.com
2024-10-04T07:05:34.808Z [info]: DNS record not propagated yet. Attempt 9/10
2024-10-04T07:06:04.809Z [warn]: Error checking DNS record: queryTxt ENOTFOUND _acme-challenge.www.wexfi.com
2024-10-04T07:06:04.809Z [info]: DNS record not propagated yet. Attempt 10/10
2024-10-04T07:06:34.810Z [info]: Challenge removed for www.wexfi.com
2024-10-04T07:06:34.811Z [info]: DNS record name: _acme-challenge.www.wexfi.com
2024-10-04T07:06:36.074Z [error]: Error getting certificate for www.wexfi.com: DNS record did not propagate within the expected time for www.wexfi.com
2024-10-04T07:06:36.075Z [error]: Failed to renew certificate for [object Object]: DNS record did not propagate within the expected time for www.wexfi.com
2024-10-04T07:06:36.075Z [info]: Starting certificate acquisition for api.wexfi.com
2024-10-04T07:06:36.075Z [info]: Generating CSR for api.wexfi.com
2024-10-04T07:06:36.364Z [info]: Initiating ACME challenge for api.wexfi.com
2024-10-04T07:06:38.016Z [info]: Challenge created for api.wexfi.com
2024-10-04T07:06:38.016Z [info]: Challenge type: dns-01
2024-10-04T07:06:38.017Z [info]: DNS record name: _acme-challenge.api.wexfi.com
2024-10-04T07:06:38.017Z [info]: DNS record value: wnjt-NE7myztSsgMqnwJANUxeAV9pGy3o5uEpRo8BgA
2024-10-04T07:06:38.081Z [warn]: Error checking DNS record: queryTxt ENOTFOUND _acme-challenge.api.wexfi.com
2024-10-04T07:06:38.081Z [info]: DNS record not propagated yet. Attempt 1/10
2024-10-04T07:11:24.518Z [info]: Initializing LetsEncrypt service...
2024-10-04T07:11:24.963Z [info]: Creating ACME account...
2024-10-04T07:11:26.496Z [info]: LetsEncrypt account created successfully
2024-10-04T07:11:26.496Z [info]: Starting certificate acquisition for www.wexfi.com
2024-10-04T07:11:26.497Z [info]: Generating CSR for www.wexfi.com
2024-10-04T07:11:26.654Z [info]: Initiating ACME challenge for www.wexfi.com
2024-10-04T07:11:28.427Z [info]: Challenge created for www.wexfi.com
2024-10-04T07:11:28.428Z [info]: Challenge type: dns-01
2024-10-04T07:11:28.428Z [info]: DNS record name: _acme-challenge.www.wexfi.com
2024-10-04T07:11:28.428Z [info]: DNS record value: P8fpBeqBTAKrlDQ2uvsrESCjZTLQ-0ciH8BfHttu1No
2024-10-04T07:12:34.579Z [warn]: Error checking DNS record for www.wexfi.com: queryTxt ENOTFOUND _acme-challenge.www.wexfi.com
2024-10-04T07:12:34.580Z [info]: DNS record not propagated yet for www.wexfi.com. Attempt 1/20
2024-10-04T07:13:34.528Z [warn]: Error checking DNS record for www.wexfi.com: queryTxt ENOTFOUND _acme-challenge.www.wexfi.com
2024-10-04T07:13:34.529Z [info]: DNS record not propagated yet for www.wexfi.com. Attempt 2/20
2024-10-04T07:14:34.593Z [warn]: Error checking DNS record for www.wexfi.com: queryTxt ENOTFOUND _acme-challenge.www.wexfi.com
2024-10-04T07:14:34.593Z [info]: DNS record not propagated yet for www.wexfi.com. Attempt 3/20
2024-10-04T07:15:34.593Z [warn]: Error checking DNS record for www.wexfi.com: queryTxt ENOTFOUND _acme-challenge.www.wexfi.com
2024-10-04T07:15:34.594Z [info]: DNS record not propagated yet for www.wexfi.com. Attempt 4/20
2024-10-04T07:16:34.593Z [warn]: Error checking DNS record for www.wexfi.com: queryTxt ENOTFOUND _acme-challenge.www.wexfi.com
2024-10-04T07:16:34.594Z [info]: DNS record not propagated yet for www.wexfi.com. Attempt 5/20
2024-10-04T07:17:34.591Z [warn]: Error checking DNS record for www.wexfi.com: queryTxt ENOTFOUND _acme-challenge.www.wexfi.com
2024-10-04T07:17:34.591Z [info]: DNS record not propagated yet for www.wexfi.com. Attempt 6/20
2024-10-04T07:18:34.591Z [warn]: Error checking DNS record for www.wexfi.com: queryTxt ENOTFOUND _acme-challenge.www.wexfi.com
2024-10-04T07:18:34.591Z [info]: DNS record not propagated yet for www.wexfi.com. Attempt 7/20
2024-10-04T07:19:34.660Z [warn]: Error checking DNS record for www.wexfi.com: queryTxt ENOTFOUND _acme-challenge.www.wexfi.com
2024-10-04T07:19:34.661Z [info]: DNS record not propagated yet for www.wexfi.com. Attempt 8/20
2024-10-04T07:20:34.660Z [warn]: Error checking DNS record for www.wexfi.com: queryTxt ENOTFOUND _acme-challenge.www.wexfi.com
2024-10-04T07:20:34.661Z [info]: DNS record not propagated yet for www.wexfi.com. Attempt 9/20
2024-10-04T07:20:57.621Z [info]: Initializing LetsEncrypt service...
2024-10-04T07:20:58.395Z [info]: Creating ACME account...
2024-10-04T07:21:00.079Z [info]: LetsEncrypt account created successfully
2024-10-04T07:21:00.079Z [info]: Starting certificate acquisition for www.wexfi.com
2024-10-04T07:21:00.080Z [info]: Generating CSR for www.wexfi.com
2024-10-04T07:21:00.602Z [info]: Initiating ACME challenge for www.wexfi.com
2024-10-04T07:21:02.322Z [info]: Challenge created for www.wexfi.com
2024-10-04T07:21:02.323Z [info]: Challenge type: dns-01
2024-10-04T07:21:02.323Z [info]: DNS record name: _acme-challenge.www.wexfi.com
2024-10-04T07:21:02.323Z [info]: DNS record value: _gytOGR7n5Ja4si5cjv8Bzi3dPh9K_g000bgtHz7SJI
2024-10-04T07:21:47.636Z [info]: DNS record propagated for www.wexfi.com
2024-10-04T07:21:55.979Z [info]: Challenge removed for www.wexfi.com
2024-10-04T07:21:55.979Z [info]: DNS record name: _acme-challenge.www.wexfi.com
2024-10-04T07:22:04.879Z [info]: Certificate acquired successfully for www.wexfi.com
2024-10-04T07:22:04.880Z [info]: Starting certificate acquisition for api.wexfi.com
2024-10-04T07:22:04.880Z [info]: Generating CSR for api.wexfi.com
2024-10-04T07:22:05.019Z [info]: Initiating ACME challenge for api.wexfi.com
2024-10-04T07:22:06.735Z [info]: Challenge created for api.wexfi.com
2024-10-04T07:22:06.735Z [info]: Challenge type: dns-01
2024-10-04T07:22:06.736Z [info]: DNS record name: _acme-challenge.api.wexfi.com
2024-10-04T07:22:06.736Z [info]: DNS record value: VU23OhqIN7xU3R5-iDeR1DEUbfhoZRHZQCAHr9tUFCQ
2024-10-04T07:22:56.559Z [info]: DNS record propagated for api.wexfi.com
2024-10-04T07:22:58.644Z [info]: Challenge removed for api.wexfi.com
2024-10-04T07:22:58.645Z [info]: DNS record name: _acme-challenge.api.wexfi.com
2024-10-04T07:23:01.211Z [info]: Certificate acquired successfully for api.wexfi.com
2024-10-04T07:23:01.211Z [info]: Starting certificate acquisition for socket.wexfi.com
2024-10-04T07:23:01.211Z [info]: Generating CSR for socket.wexfi.com
2024-10-04T07:23:01.405Z [info]: Initiating ACME challenge for socket.wexfi.com
2024-10-04T07:23:03.157Z [info]: Challenge created for socket.wexfi.com
2024-10-04T07:23:03.157Z [info]: Challenge type: dns-01
2024-10-04T07:23:03.157Z [info]: DNS record name: _acme-challenge.socket.wexfi.com
2024-10-04T07:23:03.158Z [info]: DNS record value: K2QMwDCH93xWl6SN2IKSy4YMIcNIKWOUvhHs7QzvXGI
2024-10-04T07:23:33.885Z [info]: DNS record propagated for socket.wexfi.com
2024-10-04T07:23:36.026Z [info]: Challenge removed for socket.wexfi.com
2024-10-04T07:23:36.026Z [info]: DNS record name: _acme-challenge.socket.wexfi.com
2024-10-04T07:23:44.731Z [info]: Certificate acquired successfully for socket.wexfi.com
2024-10-04T07:23:44.734Z [info]: Output file written to ./acme.json
2024-10-04T07:23:44.734Z [info]: Certificate renewal process completed successfully
2024-10-04T07:27:15.928Z [info]: Initializing LetsEncrypt service...
2024-10-04T07:27:16.229Z [info]: Creating ACME account...
2024-10-04T07:27:17.928Z [info]: LetsEncrypt account created successfully
2024-10-04T07:27:17.928Z [info]: Starting certificate acquisition for www.wexfi.com
2024-10-04T07:27:17.929Z [info]: Generating CSR for www.wexfi.com
2024-10-04T07:27:18.391Z [info]: Initiating ACME challenge for www.wexfi.com
2024-10-04T07:27:20.079Z [info]: Challenge created for www.wexfi.com
2024-10-04T07:27:20.080Z [info]: Challenge type: dns-01
2024-10-04T07:27:20.080Z [info]: DNS record name: _acme-challenge.www
2024-10-04T07:27:20.080Z [info]: DNS record value: jM5BRHy8fU9itseqwjnHZQ9kaScecmbdIBnJCr2hPoA
2024-10-04T07:34:01.494Z [info]: Initializing LetsEncrypt service...
2024-10-04T07:34:01.583Z [info]: Creating ACME account...
2024-10-04T07:34:03.237Z [info]: LetsEncrypt account created successfully
2024-10-04T07:34:03.238Z [info]: Starting certificate acquisition for www.wexfi.com
2024-10-04T07:34:03.238Z [info]: Generating CSR for www.wexfi.com
2024-10-04T07:34:03.748Z [info]: Initiating ACME challenge for www.wexfi.com
2024-10-04T07:34:05.326Z [info]: Challenge created for www.wexfi.com
2024-10-04T07:34:05.326Z [info]: Challenge type: dns-01
2024-10-04T07:34:05.326Z [info]: DNS record name: _acme-challenge.www
2024-10-04T07:34:05.327Z [info]: DNS record value: h13uUXyliYozVfXQtaEqD4Th1Ou9W8fCOcVdk8Eslu4
2024-10-04T07:34:24.372Z [warn]: Error checking DNS record for www: queryTxt ENOTFOUND _acme-challenge.www
2024-10-04T07:34:24.373Z [info]: DNS record not propagated yet for www. Attempt 1/20
2024-10-04T07:35:02.490Z [info]: Initializing LetsEncrypt service...
2024-10-04T07:35:02.636Z [info]: Creating ACME account...
2024-10-04T07:35:04.155Z [info]: LetsEncrypt account created successfully
2024-10-04T07:35:04.156Z [info]: Starting certificate acquisition for www.wexfi.com
2024-10-04T07:35:04.156Z [info]: Generating CSR for www.wexfi.com
2024-10-04T07:35:04.451Z [info]: Initiating ACME challenge for www.wexfi.com
2024-10-04T07:35:06.201Z [info]: Challenge created for www.wexfi.com
2024-10-04T07:35:06.202Z [info]: Challenge type: dns-01
2024-10-04T07:35:06.202Z [info]: DNS record name: _acme-challenge.www
2024-10-04T07:35:06.202Z [info]: DNS record value: xpH5JbAd46YibERIuZQwOPafgZ2HndzBXrciclhaaF0
2024-10-04T07:35:17.654Z [info]: DNS record not propagated yet for www.wexfi.com. Attempt 1/20
2024-10-04T07:35:50.899Z [info]: Initializing LetsEncrypt service...
2024-10-04T07:35:51.053Z [info]: Creating ACME account...
2024-10-04T07:35:52.599Z [info]: LetsEncrypt account created successfully
2024-10-04T07:35:52.599Z [info]: Starting certificate acquisition for www.wexfi.com
2024-10-04T07:35:52.599Z [info]: Generating CSR for www.wexfi.com
2024-10-04T07:35:52.995Z [info]: Initiating ACME challenge for www.wexfi.com
2024-10-04T07:35:54.737Z [info]: Challenge created for www.wexfi.com
2024-10-04T07:35:54.738Z [info]: Challenge type: dns-01
2024-10-04T07:35:54.738Z [info]: DNS record name: _acme-challenge.www
2024-10-04T07:35:54.738Z [info]: DNS record value: vWz_V4Ia5Wwg7Pc7w_aOoSMC4trzyz7ZVonA3Vz7bTY
2024-10-04T07:36:04.707Z [warn]: Error checking DNS record for _acme-challenge.www.wexfi.com: queryTxt ENOTFOUND _acme-challenge._acme-challenge.www.wexfi.com
2024-10-04T07:36:04.707Z [info]: DNS record not propagated yet for _acme-challenge.www.wexfi.com. Attempt 1/20
2024-10-04T07:37:03.104Z [info]: Initializing LetsEncrypt service...
2024-10-04T07:37:03.236Z [info]: Creating ACME account...
2024-10-04T07:37:04.855Z [info]: LetsEncrypt account created successfully
2024-10-04T07:37:04.856Z [info]: Starting certificate acquisition for www.wexfi.com
2024-10-04T07:37:04.856Z [info]: Generating CSR for www.wexfi.com
2024-10-04T07:37:05.210Z [info]: Initiating ACME challenge for www.wexfi.com
2024-10-04T07:37:06.929Z [info]: Challenge created for www.wexfi.com
2024-10-04T07:37:06.930Z [info]: Challenge type: dns-01
2024-10-04T07:37:06.930Z [info]: DNS record name: _acme-challenge.www
2024-10-04T07:37:06.930Z [info]: DNS record value: VI0GOC6f46l4XRL1oWeatKErcRZmq0TYu733sOAfA6s
2024-10-04T07:37:08.441Z [info]: DNS record not propagated yet for www.wexfi.com. Attempt 1/20
2024-10-04T07:37:12.941Z [info]: Initializing LetsEncrypt service...
2024-10-04T07:37:13.338Z [info]: Creating ACME account...
2024-10-04T07:37:14.814Z [info]: LetsEncrypt account created successfully
2024-10-04T07:37:14.815Z [info]: Starting certificate acquisition for www.wexfi.com
2024-10-04T07:37:14.815Z [info]: Generating CSR for www.wexfi.com
2024-10-04T07:37:15.021Z [info]: Initiating ACME challenge for www.wexfi.com
2024-10-04T07:37:16.761Z [info]: Challenge created for www.wexfi.com
2024-10-04T07:37:16.761Z [info]: Challenge type: dns-01
2024-10-04T07:37:16.762Z [info]: DNS record name: _acme-challenge.www
2024-10-04T07:37:16.762Z [info]: DNS record value: a0GKxf4AtLTE_Kz_Zy8mumIhESPbM-HBnBa9P1yd9y8
2024-10-04T07:41:41.452Z [info]: DNS record not propagated yet for www.wexfi.com. Attempt 1/20
2024-10-15T17:11:54.183Z [info]: Initializing LetsEncrypt service...
2024-10-15T17:11:54.367Z [info]: Creating ACME account...
2024-10-15T17:11:56.142Z [info]: LetsEncrypt account created successfully
2024-10-15T17:11:56.143Z [info]: Starting certificate acquisition for www.wexfi.com
2024-10-15T17:11:56.143Z [info]: Generating CSR for www.wexfi.com
2024-10-15T17:11:56.433Z [info]: Initiating ACME challenge for www.wexfi.com
2024-10-15T17:11:58.091Z [info]: Challenge created for www.wexfi.com
2024-10-15T17:11:58.091Z [info]: Challenge type: dns-01
2024-10-15T17:11:58.091Z [info]: DNS record name: _acme-challenge.www
2024-10-15T17:11:58.091Z [info]: DNS record value: ZSmAxdzTQwOzbMse4khMbwI8axAcFpp1xNQASvJze_4
2024-10-15T17:13:38.162Z [info]: Initializing LetsEncrypt service...
2024-10-15T17:13:38.374Z [info]: Creating ACME account...
2024-10-15T17:13:39.881Z [info]: LetsEncrypt account created successfully
2024-10-15T17:13:39.881Z [info]: Starting certificate acquisition for www.wexfi.com
2024-10-15T17:13:39.882Z [info]: Generating CSR for www.wexfi.com
2024-10-15T17:13:40.104Z [info]: Initiating ACME challenge for www.wexfi.com
2024-10-15T17:13:41.933Z [info]: Challenge created for www.wexfi.com
2024-10-15T17:13:41.933Z [info]: Challenge type: dns-01
2024-10-15T17:13:41.933Z [info]: DNS record name: _acme-challenge.www
2024-10-15T17:13:41.934Z [info]: DNS record value: bs_ppuXWSqVsU1ksS7URbbL2B5FiZOSVfHUPNXlExKU
2024-10-15T17:13:54.934Z [info]: DNS record propagated for www.wexfi.com
2024-10-15T17:13:56.958Z [info]: Challenge removed for www.wexfi.com
2024-10-15T17:13:56.958Z [info]: DNS record name: _acme-challenge.www.wexfi.com
2024-10-15T17:14:05.902Z [info]: Certificate acquired successfully for www.wexfi.com
2024-10-15T17:14:05.903Z [warn]: Chain is not an array for certificate: -----BEGIN CERTIFICATE-----
MIIFIzCCBAugAwIBAgISK5c7PaxymMw5mD/i803fZK1HMA0GCSqGSIb3DQEBCwUA
MFoxCzAJBgNVBAYTAlVTMSAwHgYDVQQKExcoU1RBR0lORykgTGV0J3MgRW5jcnlw
dDEpMCcGA1UEAxMgKFNUQUdJTkcpIFdhbm5hYmUgV2F0ZXJjcmVzcyBSMTEwHhcN
MjQxMDE1MTYxNTI3WhcNMjUwMTEzMTYxNTI2WjAYMRYwFAYDVQQDEw13d3cud2V4
ZmkuY29tMIIBIjANBgkqhkiG9w0BAQEFAAOCAQ8AMIIBCgKCAQEArBYTW9zxBvVk
pgtzgAlzzZzKImDQ+7LFbzKSEFChB3lpi2hK/Y5xZLzsFJqbLvCQ/bmCaUXzJaU5
wvUmKnSD/maG5H5CGaF2IAM/MopFRwl6axnRTAPVOHdt1PJEF2okxzlQ8OBzjoPz
aVlsSSda14Abdh7BsVkGUxU2i8Yn9EwHYWAmXBXmxjeDmJkjqydP/gYjevBy+zE7
7kMFPH2MsLYWIXdlT3sRLkG0bkrP8/eY0bWUT+lD6KR54qnN0lI7mL6+DvX5CUd/
KO7GrHHux+nbyYUFdfYV/H66g2PPnnZXDwzf/iSgRzHQVsnzLrRw+otburN7w2FK
I5/EAj3WzwIDAQABo4ICIzCCAh8wDgYDVR0PAQH/BAQDAgWgMB0GA1UdJQQWMBQG
CCsGAQUFBwMBBggrBgEFBQcDAjAMBgNVHRMBAf8EAjAAMB0GA1UdDgQWBBTwOsAt
3VdmeQljMC8SoeHb0yaHUzAfBgNVHSMEGDAWgBQTy9f2rp38aUJk1lx8I8yF+UfH
tjBfBggrBgEFBQcBAQRTMFEwJgYIKwYBBQUHMAGGGmh0dHA6Ly9zdGctcjExLm8u
bGVuY3Iub3JnMCcGCCsGAQUFBzAChhtodHRwOi8vc3RnLXIxMS5pLmxlbmNyLm9y
Zy8wGAYDVR0RBBEwD4INd3d3LndleGZpLmNvbTATBgNVHSAEDDAKMAgGBmeBDAEC
ATCCAQ4GCisGAQQB1nkCBAIEgf8EgfwA+gB3ALDMg+Wl+X1rr3wJzChJBIcqx+iL
EyxjULfG/SbhbGx3AAABkpEsE0AAAAQDAEgwRgIhAKbfWK8ybw6Lvd/lDKyGELy7
NywDLnxXh9hbamHmRdDhAiEA2roYwqLWyeD2S0P46naM+4ADwce6+iPwmuVauchB
d/sAfwCVkL2F8s/FBkmYq6tbsmwuehdnApEcE7aLSAXh65Qn7wAAAZKRLB73AAgA
AAUAB7GoyQQDAEgwRgIhANvWpWPoopQyYMP8x0XRl7APMRYigIizBAx7zQ0TCQc/
AiEA8ZRLG+Q7hqROBuuPpRHCb2tpNtdwFZJvomB5k2qaGXQwDQYJKoZIhvcNAQEL
BQADggEBAGvh5InRM1rVyLNgrpngCeqvRxRutvjlcjbFKk0khbF6r77DePHvvEaT
OWPLOySm+fpZFZDC0fFxkmWK7B3P7tmJy4qcJ32TiXsQtJxOnbqAtcgtV6do1m4U
5zT6V2DalRYOXzzoSgjltLNREQ3RbgdwbYcPF92LPJ88ZkHg0Rn1J1/QJY3RiaQB
ATKUwTTuE0x+0sAIEMpUWHhBbtipYbqgrXcHKYeWEfafeQEltaL3d4pA4XiNPHAc
zTwvF0ayQ/1uZv0NwmtU4ScL5QZVVy4qgw9CE1Qp+qzf87Z4PUUrCRuRvJfaWIB1
7KwWgap0QRRDMlZ8JV5TkmD5z5lZnxU=
-----END CERTIFICATE-----

-----BEGIN CERTIFICATE-----
MIIFTTCCAzWgAwIBAgIRAOOuDiVgQFyATegPOxfOa5IwDQYJKoZIhvcNAQELBQAw
ZjELMAkGA1UEBhMCVVMxMzAxBgNVBAoTKihTVEFHSU5HKSBJbnRlcm5ldCBTZWN1
cml0eSBSZXNlYXJjaCBHcm91cDEiMCAGA1UEAxMZKFNUQUdJTkcpIFByZXRlbmQg
UGVhciBYMTAeFw0yNDAzMTMwMDAwMDBaFw0yNzAzMTIyMzU5NTlaMFoxCzAJBgNV
BAYTAlVTMSAwHgYDVQQKExcoU1RBR0lORykgTGV0J3MgRW5jcnlwdDEpMCcGA1UE
AxMgKFNUQUdJTkcpIFdhbm5hYmUgV2F0ZXJjcmVzcyBSMTEwggEiMA0GCSqGSIb3
DQEBAQUAA4IBDwAwggEKAoIBAQCVYHwe2gxMv9Jh/d1BgocW3am5E/iBOrLkyENg
RqLmVl6vNRXgoKpPjtP40Mv17Z2LlYhRsneaK9gdSNmNTxJlY8viqs9dk4XwKJxD
Pfl/vJBW4M/nJzFwS30qu7VF8jSfyF82Q7KkLl5NxJ39Y5yvQFzHjL3YCO8coMG5
v72DDgWzc+9wk2ncoXiB3/3mVg4RtD1w1xPpdjtSh5keB7jqgnD2/I75OLBzamy6
NL9nguaEc8cX8CdnpoCCQI8/Fz9qhPtJjP+O/RHCugWVkSptuCRra8tcnJTGHRiN
r/GyYsHZZ4jZ76hbJjxapwf24E8RAVzuMRsw/nS6/hUJ8lqPAgMBAAGjggEAMIH9
MA4GA1UdDwEB/wQEAwIBhjAdBgNVHSUEFjAUBggrBgEFBQcDAgYIKwYBBQUHAwEw
EgYDVR0TAQH/BAgwBgEB/wIBADAdBgNVHQ4EFgQUE8vX9q6d/GlCZNZcfCPMhflH
x7YwHwYDVR0jBBgwFoAUtfNl8v6wCpIf+zx980SgrGMlwxQwNgYIKwYBBQUHAQEE
KjAoMCYGCCsGAQUFBzAChhpodHRwOi8vc3RnLXgxLmkubGVuY3Iub3JnLzATBgNV
HSAEDDAKMAgGBmeBDAECATArBgNVHR8EJDAiMCCgHqAchhpodHRwOi8vc3RnLXgx
LmMubGVuY3Iub3JnLzANBgkqhkiG9w0BAQsFAAOCAgEAeD9pt5sWtXEQyF94RMzo
lF+uip+ODYaNxPEJG/93xtxPc6QC0bsC9QIgv6dBk+s1LUf5ulIlJZQ1UlkLgTH4
HzHi37O4ivcbSHpILcgD0hKnftv0E8o9SNAaIcO7DKNmbeWQ6cPlfOlRtpcIXYoc
95wY9AipN0/ken5KxDxdxTSKuWS7Ae+ZWh7hmLdfDc5C85o2omLvM/6Ovmp0xUSP
U/xFR1fk0kRmM975smehEOXSHOJ24zFaY6BnMUWa67yLawbxUj0AqzGmohdqz7Lu
DhtKd9oXJgRzacFzuMSQluN0ivwKIzirpLR/AJoz4nHXIaDQRyfaA3jr1VYpK+bA
poIXAjgxR/vEFtbEHw7fNO3FKRCddvyJ0vh+OKIrY0nrbGUoyRlPlKF/9XrQ3UJo
Zc708mBBjzqijXdUQ0TB1/irAAQ7O/6i+ThQxElt77gYWzv2/8sSoagzqRKXOqLJ
ckNJQIA39t4HMIFgqxDLRuRNtooFUeoOvocDWTQr80bUp6357cBtAl7ypcOzrPK6
m5cuuyZfQ7zdh5ufcfMdFbgjwfeN8d442EzBnLxoMA9T2Igfn7KOhFl3znZ+WJhS
h+oyBS8PrKUKB2Xo9pnXma6123xyFPDapnuK3iiNpGJfI0sULCqjEodYG+aGyfCz
ZFLWftbU683YxZCOddgYxHI=
-----END CERTIFICATE-----

2024-10-15T17:14:05.909Z [info]: Output file written to ./acme.json
2024-10-15T17:43:04.493Z [info]: Initializing LetsEncrypt service...
2024-10-15T17:43:04.788Z [info]: Creating ACME account...
2024-10-15T17:43:05.882Z [info]: LetsEncrypt account created successfully
2024-10-15T17:43:05.882Z [info]: Starting certificate acquisition for www.wexfi.com
2024-10-15T17:43:05.882Z [info]: Generating CSR for www.wexfi.com
2024-10-15T17:43:06.100Z [info]: Initiating ACME challenge for www.wexfi.com
2024-10-15T17:43:07.492Z [info]: Challenge created for www.wexfi.com
2024-10-15T17:43:07.493Z [info]: Challenge type: dns-01
2024-10-15T17:43:07.493Z [info]: DNS record name: _acme-challenge.www
2024-10-15T17:43:07.493Z [info]: DNS record value: F9QW1jGS_GEF6CceWc98QOqBPOWWtwAgQaznMoA-tO4
2024-10-15T17:43:24.892Z [info]: DNS record propagated for www.wexfi.com
2024-10-15T17:43:32.175Z [info]: Challenge removed for www.wexfi.com
2024-10-15T17:43:32.175Z [info]: DNS record name: _acme-challenge.www.wexfi.com
2024-10-15T17:43:33.754Z [info]: Certificate acquired successfully for www.wexfi.com
2024-10-15T17:43:33.755Z [warn]: Chain is not an array for certificate: -----BEGIN CERTIFICATE-----
MIIE6jCCA9KgAwIBAgISAxN/vav1d9HyIpTRVxnO8yPzMA0GCSqGSIb3DQEBCwUA
MDMxCzAJBgNVBAYTAlVTMRYwFAYDVQQKEw1MZXQncyBFbmNyeXB0MQwwCgYDVQQD
EwNSMTEwHhcNMjQxMDE1MTY0NTAyWhcNMjUwMTEzMTY0NTAxWjAYMRYwFAYDVQQD
Ew13d3cud2V4ZmkuY29tMIIBIjANBgkqhkiG9w0BAQEFAAOCAQ8AMIIBCgKCAQEA
o+NQ+YmP1d+Q+qVJwDdybySIAH8DG3mH8MBg7J2dP1kYsH1/WSH7LLSxpCp35XJ8
g8f4SEGtGftF8lKGHhVshKJHYpavIEeTxYkTkT+eu8TPY5kP8v9bI6Hq4wMINy/Z
jxL1xzGBlIus9oy0RNzKVDPALRJyhncZRcGprB1WferxYALxasXt+7K3SILDRNLc
SD6JO0YoFNsL9iqkXRRHAGnxCtGA2vD1KgRN7YwgYYkSc7W7tl04VN8L1p7djF5M
s6tice7lZ4JgDFHb0HDC7HZ0aMdbA4EP8wpCDlTTHzL0wjLAFgjAxOo7z2ZeXPnV
Kqlko9wY8aaNivQgKrBVTQIDAQABo4ICETCCAg0wDgYDVR0PAQH/BAQDAgWgMB0G
A1UdJQQWMBQGCCsGAQUFBwMBBggrBgEFBQcDAjAMBgNVHRMBAf8EAjAAMB0GA1Ud
DgQWBBR0rJv72UJ6jg/t/POKxWX0rD34bDAfBgNVHSMEGDAWgBTFz0ak6vTDwHps
lcQtsF6SLybjuTBXBggrBgEFBQcBAQRLMEkwIgYIKwYBBQUHMAGGFmh0dHA6Ly9y
MTEuby5sZW5jci5vcmcwIwYIKwYBBQUHMAKGF2h0dHA6Ly9yMTEuaS5sZW5jci5v
cmcvMBgGA1UdEQQRMA+CDXd3dy53ZXhmaS5jb20wEwYDVR0gBAwwCjAIBgZngQwB
AgEwggEEBgorBgEEAdZ5AgQCBIH1BIHyAPAAdgCi4wrkRe+9rZt+OO1HZ3dT14Jb
hJTXK14bLMS5UKRH5wAAAZKRRyjJAAAEAwBHMEUCIBU/aBbpCWRTrCW2hK/TXtjD
sNZFtsTP2/0xBoj+n4W2AiEAkmhFvY3DrSeEEUpjtQW+iF0yWBth0bBCyKInuLLu
QiQAdgDPEVbu1S58r/OHW9lpLpvpGnFnSrAX7KwB0lt3zsw7CAAAAZKRRykaAAAE
AwBHMEUCIQDtw0n0j2EiJTbyD93I3ssmt+S7ZK1d7L9azdtBiZYP8gIgR9em1xTi
V/R//2GoM+OkfhujFgaxFOQcOoOcIMAlaaswDQYJKoZIhvcNAQELBQADggEBALDC
iPd/Ggnb4+DUZvp9FDvl4tNzGjp1k+to4S4Up0oKQOG9Z0M3m+Gq3iY2uyz3BWhh
0qRlEsuXgmxVed3Bul9Z37/7Z8YhOySLy2hnsbi5VVTxgKjW+IkudZol7M6k0Gy+
X+H8EsS3knRSmPFXHevAWkdrJwWzKJ1kwZ1yuQjzMveg/zSEeocN/LdYHGNMFnX2
V4EeC/mdz4Cqqr0CmY6fJrjkK4CJ5VRFa8bvpXjdORAIXBUbxjtpOcJaZFf6tWXT
HEU/is+NcR3M4nowK0EWxCUSK4iRh6fKi3bTibjKGwB3+W2ux984KmfwZ0WJrkm5
/p96S6U48m9ATyyRlZM=
-----END CERTIFICATE-----

-----BEGIN CERTIFICATE-----
MIIFBjCCAu6gAwIBAgIRAIp9PhPWLzDvI4a9KQdrNPgwDQYJKoZIhvcNAQELBQAw
TzELMAkGA1UEBhMCVVMxKTAnBgNVBAoTIEludGVybmV0IFNlY3VyaXR5IFJlc2Vh
cmNoIEdyb3VwMRUwEwYDVQQDEwxJU1JHIFJvb3QgWDEwHhcNMjQwMzEzMDAwMDAw
WhcNMjcwMzEyMjM1OTU5WjAzMQswCQYDVQQGEwJVUzEWMBQGA1UEChMNTGV0J3Mg
RW5jcnlwdDEMMAoGA1UEAxMDUjExMIIBIjANBgkqhkiG9w0BAQEFAAOCAQ8AMIIB
CgKCAQEAuoe8XBsAOcvKCs3UZxD5ATylTqVhyybKUvsVAbe5KPUoHu0nsyQYOWcJ
DAjs4DqwO3cOvfPlOVRBDE6uQdaZdN5R2+97/1i9qLcT9t4x1fJyyXJqC4N0lZxG
AGQUmfOx2SLZzaiSqhwmej/+71gFewiVgdtxD4774zEJuwm+UE1fj5F2PVqdnoPy
6cRms+EGZkNIGIBloDcYmpuEMpexsr3E+BUAnSeI++JjF5ZsmydnS8TbKF5pwnnw
SVzgJFDhxLyhBax7QG0AtMJBP6dYuC/FXJuluwme8f7rsIU5/agK70XEeOtlKsLP
Xzze41xNG/cLJyuqC0J3U095ah2H2QIDAQABo4H4MIH1MA4GA1UdDwEB/wQEAwIB
hjAdBgNVHSUEFjAUBggrBgEFBQcDAgYIKwYBBQUHAwEwEgYDVR0TAQH/BAgwBgEB
/wIBADAdBgNVHQ4EFgQUxc9GpOr0w8B6bJXELbBeki8m47kwHwYDVR0jBBgwFoAU
ebRZ5nu25eQBc4AIiMgaWPbpm24wMgYIKwYBBQUHAQEEJjAkMCIGCCsGAQUFBzAC
hhZodHRwOi8veDEuaS5sZW5jci5vcmcvMBMGA1UdIAQMMAowCAYGZ4EMAQIBMCcG
A1UdHwQgMB4wHKAaoBiGFmh0dHA6Ly94MS5jLmxlbmNyLm9yZy8wDQYJKoZIhvcN
AQELBQADggIBAE7iiV0KAxyQOND1H/lxXPjDj7I3iHpvsCUf7b632IYGjukJhM1y
v4Hz/MrPU0jtvfZpQtSlET41yBOykh0FX+ou1Nj4ScOt9ZmWnO8m2OG0JAtIIE38
01S0qcYhyOE2G/93ZCkXufBL713qzXnQv5C/viOykNpKqUgxdKlEC+Hi9i2DcaR1
e9KUwQUZRhy5j/PEdEglKg3l9dtD4tuTm7kZtB8v32oOjzHTYw+7KdzdZiw/sBtn
UfhBPORNuay4pJxmY/WrhSMdzFO2q3Gu3MUBcdo27goYKjL9CTF8j/Zz55yctUoV
aneCWs/ajUX+HypkBTA+c8LGDLnWO2NKq0YD/pnARkAnYGPfUDoHR9gVSp/qRx+Z
WghiDLZsMwhN1zjtSC0uBWiugF3vTNzYIEFfaPG7Ws3jDrAMMYebQ95JQ+HIBD/R
PBuHRTBpqKlyDnkSHDHYPiNX3adPoPAcgdF3H2/W0rmoswMWgTlLn1Wu0mrks7/q
pdWfS6PJ1jty80r2VKsM/Dj3YIDfbjXKdaFU5C+8bhfJGqU3taKauuz0wHVGT3eo
6FlWkWYtbt4pgdamlwVeZEW+LM7qZEJEsMNPrfC03APKmZsJgpWCDWOKZvkZcvjV
uYkQ4omYCTX5ohy+knMjdOmdH9c7SpqEWBDC86fiNex+O0XOMEZSa8DA
-----END CERTIFICATE-----

2024-10-15T17:43:33.755Z [info]: Starting certificate acquisition for wexfi.com
2024-10-15T17:43:33.755Z [info]: Generating CSR for wexfi.com
2024-10-15T17:43:34.079Z [info]: Initiating ACME challenge for wexfi.com
2024-10-15T17:43:35.240Z [info]: Challenge created for wexfi.com
2024-10-15T17:43:35.240Z [info]: Challenge type: dns-01
2024-10-15T17:43:35.240Z [info]: DNS record name: _acme-challenge.@
2024-10-15T17:43:35.240Z [info]: DNS record value: NI2kJTPc6g7HRrd6ap6pmy2eY6E8crpYCuo7jtrc2gs
2024-10-15T17:43:52.430Z [info]: DNS record propagated for wexfi.com
2024-10-15T17:43:59.609Z [info]: Challenge removed for wexfi.com
2024-10-15T17:43:59.609Z [info]: DNS record name: _acme-challenge.wexfi.com
2024-10-15T17:44:01.601Z [info]: Certificate acquired successfully for wexfi.com
2024-10-15T17:44:01.601Z [warn]: Chain is not an array for certificate: -----BEGIN CERTIFICATE-----
MIIE4zCCA8ugAwIBAgISBIuVuVmtAmyNGHXkcBcFE4IJMA0GCSqGSIb3DQEBCwUA
MDMxCzAJBgNVBAYTAlVTMRYwFAYDVQQKEw1MZXQncyBFbmNyeXB0MQwwCgYDVQQD
EwNSMTAwHhcNMjQxMDE1MTY0NTMwWhcNMjUwMTEzMTY0NTI5WjAUMRIwEAYDVQQD
Ewl3ZXhmaS5jb20wggEiMA0GCSqGSIb3DQEBAQUAA4IBDwAwggEKAoIBAQC0iZvJ
vf28UFHA0RZlkH6RFAfBV5qz3U8sB+o+uxlPne1dw1wbCAH38ObEAJj/MORd3eUb
gX906CaFS4DvD2ebdJH1c+bm8VGX1Wch72IiPxfmEuGtjA8IjBwxMQUXsClktlHg
+FkYExyNvFd3OAe3l9DdfBHkXRXWjIbkjdb6q5+RiTdiR8bqzYDgxqCrQSIcSGwH
KjnjCqnw5iSTipbcJ3tBFIKFOTXtMf74zLzNaMN8BkkZO+1MVtG/BOCM+TArn5Uz
XfglTVcAcfb5yOeaBAyqv5/tuhlRApPLvv3y7TM18rwU8oPsUOfRTK239fxOiiUV
To2ePHx20bMLidUrAgMBAAGjggIOMIICCjAOBgNVHQ8BAf8EBAMCBaAwHQYDVR0l
BBYwFAYIKwYBBQUHAwEGCCsGAQUFBwMCMAwGA1UdEwEB/wQCMAAwHQYDVR0OBBYE
FDPHEUe33JbavYyuZtgTx+SNoUH6MB8GA1UdIwQYMBaAFLu8w0el5LypxsOkcgwQ
jaI14cjoMFcGCCsGAQUFBwEBBEswSTAiBggrBgEFBQcwAYYWaHR0cDovL3IxMC5v
LmxlbmNyLm9yZzAjBggrBgEFBQcwAoYXaHR0cDovL3IxMC5pLmxlbmNyLm9yZy8w
FAYDVR0RBA0wC4IJd2V4ZmkuY29tMBMGA1UdIAQMMAowCAYGZ4EMAQIBMIIBBQYK
KwYBBAHWeQIEAgSB9gSB8wDxAHcAouMK5EXvva2bfjjtR2d3U9eCW4SU1yteGyzE
uVCkR+cAAAGSkUeU6QAABAMASDBGAiEA0A4q9EVCJ2MR+CSn2zZl81jQnDACrRCH
0yFXLmnLxCcCIQDe6+yIKuHeWLSimbbZS3nxjXqC2iZiQUkwgjbA8lOOEwB2AM8R
Vu7VLnyv84db2Wkum+kacWdKsBfsrAHSW3fOzDsIAAABkpFHlSMAAAQDAEcwRQIg
Hf6J3iCNDeCObyLJZIVZmvDOXtmVwLxd95viPIlv5iUCIQC96kuTV/FpTjL9Ufxb
drINV8efoEiKV4F6KUoBmNDlKDANBgkqhkiG9w0BAQsFAAOCAQEAzwqTAS9KfmLO
JoBBGi2DMYFhVqCdoSfh3aKD27AQMu33WZMZMKTbUE6lb9jlkvTrzUV0Y6hgbEjn
zEdseNgkgZ49HtSRN3odNttkc2mGZoTdeFI2mDzIEDqNBfToC3DPGiaZuhDV2wtO
q5Zuj2lADVG8oDWrZCHySaArDboO9lov/+zZ/9gw+AwneMxlKLawg72kvuCrb7vC
VFnsU7DYcaVDPlFz7L8Jurr46OJLmV4QJj9axGCwytgiOFYO1w81SpBljLlQdabo
DujzQcmCIFSMU2TAFlWeGxPIeunpzNOmDnu5AoCAoTIkwGCh0CsITj454dH5wyKn
olQgTY3WOQ==
-----END CERTIFICATE-----

-----BEGIN CERTIFICATE-----
MIIFBTCCAu2gAwIBAgIQS6hSk/eaL6JzBkuoBI110DANBgkqhkiG9w0BAQsFADBP
MQswCQYDVQQGEwJVUzEpMCcGA1UEChMgSW50ZXJuZXQgU2VjdXJpdHkgUmVzZWFy
Y2ggR3JvdXAxFTATBgNVBAMTDElTUkcgUm9vdCBYMTAeFw0yNDAzMTMwMDAwMDBa
Fw0yNzAzMTIyMzU5NTlaMDMxCzAJBgNVBAYTAlVTMRYwFAYDVQQKEw1MZXQncyBF
bmNyeXB0MQwwCgYDVQQDEwNSMTAwggEiMA0GCSqGSIb3DQEBAQUAA4IBDwAwggEK
AoIBAQDPV+XmxFQS7bRH/sknWHZGUCiMHT6I3wWd1bUYKb3dtVq/+vbOo76vACFL
YlpaPAEvxVgD9on/jhFD68G14BQHlo9vH9fnuoE5CXVlt8KvGFs3Jijno/QHK20a
/6tYvJWuQP/py1fEtVt/eA0YYbwX51TGu0mRzW4Y0YCF7qZlNrx06rxQTOr8IfM4
FpOUurDTazgGzRYSespSdcitdrLCnF2YRVxvYXvGLe48E1KGAdlX5jgc3421H5KR
mudKHMxFqHJV8LDmowfs/acbZp4/SItxhHFYyTr6717yW0QrPHTnj7JHwQdqzZq3
DZb3EoEmUVQK7GH29/Xi8orIlQ2NAgMBAAGjgfgwgfUwDgYDVR0PAQH/BAQDAgGG
MB0GA1UdJQQWMBQGCCsGAQUFBwMCBggrBgEFBQcDATASBgNVHRMBAf8ECDAGAQH/
AgEAMB0GA1UdDgQWBBS7vMNHpeS8qcbDpHIMEI2iNeHI6DAfBgNVHSMEGDAWgBR5
tFnme7bl5AFzgAiIyBpY9umbbjAyBggrBgEFBQcBAQQmMCQwIgYIKwYBBQUHMAKG
Fmh0dHA6Ly94MS5pLmxlbmNyLm9yZy8wEwYDVR0gBAwwCjAIBgZngQwBAgEwJwYD
VR0fBCAwHjAcoBqgGIYWaHR0cDovL3gxLmMubGVuY3Iub3JnLzANBgkqhkiG9w0B
AQsFAAOCAgEAkrHnQTfreZ2B5s3iJeE6IOmQRJWjgVzPw139vaBw1bGWKCIL0vIo
zwzn1OZDjCQiHcFCktEJr59L9MhwTyAWsVrdAfYf+B9haxQnsHKNY67u4s5Lzzfd
u6PUzeetUK29v+PsPmI2cJkxp+iN3epi4hKu9ZzUPSwMqtCceb7qPVxEbpYxY1p9
1n5PJKBLBX9eb9LU6l8zSxPWV7bK3lG4XaMJgnT9x3ies7msFtpKK5bDtotij/l0
GaKeA97pb5uwD9KgWvaFXMIEt8jVTjLEvwRdvCn294GPDF08U8lAkIv7tghluaQh
1QnlE4SEN4LOECj8dsIGJXpGUk3aU3KkJz9icKy+aUgA+2cP21uh6NcDIS3XyfaZ
QjmDQ993ChII8SXWupQZVBiIpcWO4RqZk3lr7Bz5MUCwzDIA359e57SSq5CCkY0N
4B6Vulk7LktfwrdGNVI5BsC9qqxSwSKgRJeZ9wygIaehbHFHFhcBaMDKpiZlBHyz
rsnnlFXCb5s8HKn5LsUgGvB24L7sGNZP2CX7dhHov+YhD+jozLW2p9W4959Bz2Ei
RmqDtmiXLnzqTpXbI+suyCsohKRg6Un0RC47+cpiVwHiXZAW+cn8eiNIjqbVgXLx
KPpdzvvtTnOPlC7SQZSYmdunr3Bf9b77AiC/ZidstK36dRILKz7OA54=
-----END CERTIFICATE-----

2024-10-15T17:44:01.601Z [info]: Starting certificate acquisition for api.wexfi.com
2024-10-15T17:44:01.601Z [info]: Generating CSR for api.wexfi.com
2024-10-15T17:44:01.992Z [info]: Initiating ACME challenge for api.wexfi.com
2024-10-15T17:44:03.155Z [info]: Challenge created for api.wexfi.com
2024-10-15T17:44:03.155Z [info]: Challenge type: dns-01
2024-10-15T17:44:03.155Z [info]: DNS record name: _acme-challenge.api
2024-10-15T17:44:03.155Z [info]: DNS record value: 2oS8uKZMsibSMqRgOyrJN2CSH6MKpNnpIApbhXqN-yc
2024-10-15T17:44:20.743Z [info]: DNS record propagated for api.wexfi.com
2024-10-15T17:44:22.188Z [info]: Challenge removed for api.wexfi.com
2024-10-15T17:44:22.189Z [info]: DNS record name: _acme-challenge.api.wexfi.com
2024-10-15T17:44:24.227Z [info]: Certificate acquired successfully for api.wexfi.com
2024-10-15T17:44:24.227Z [warn]: Chain is not an array for certificate: -----BEGIN CERTIFICATE-----
MIIE7DCCA9SgAwIBAgISBLzFVYQZ228sA3Jxnxsn4WAiMA0GCSqGSIb3DQEBCwUA
MDMxCzAJBgNVBAYTAlVTMRYwFAYDVQQKEw1MZXQncyBFbmNyeXB0MQwwCgYDVQQD
EwNSMTAwHhcNMjQxMDE1MTY0NTUyWhcNMjUwMTEzMTY0NTUxWjAYMRYwFAYDVQQD
Ew1hcGkud2V4ZmkuY29tMIIBIjANBgkqhkiG9w0BAQEFAAOCAQ8AMIIBCgKCAQEA
1sulJrk83mw08GyEPtgK8YtRAzuMY41GfbSKgHjVs3S6mOKcVZyT08ZE3RkB510u
zeZMxEZsE6Z6uSNcF4ZF++9QxoR1pj9QRRj+3RJ1EV6JNIWNxobL2eN4RzCaxTZw
qRLySeYl5W8bvnDerAG7xqGpAt1lMHxBvWW8phrKvzq2EtwnaOFPYO7k+BvrYE+H
ZtuCXieIzPiK3yoQ3FgR5qWsV69V8TqLiZw7QN5ctpSZgnkIXRaOwSkZpyaEiuKo
uGMdcUwwcctWAQC+lCeXg0lmx9dbSTphyqb4n3gTuVpny2SB4VTN5CLu7uVmXzPp
6cQ20r/t0q7omjK3QlpHawIDAQABo4ICEzCCAg8wDgYDVR0PAQH/BAQDAgWgMB0G
A1UdJQQWMBQGCCsGAQUFBwMBBggrBgEFBQcDAjAMBgNVHRMBAf8EAjAAMB0GA1Ud
DgQWBBQjmdCtqxsHpAUMlBGsBJmwJMFZPjAfBgNVHSMEGDAWgBS7vMNHpeS8qcbD
pHIMEI2iNeHI6DBXBggrBgEFBQcBAQRLMEkwIgYIKwYBBQUHMAGGFmh0dHA6Ly9y
MTAuby5sZW5jci5vcmcwIwYIKwYBBQUHMAKGF2h0dHA6Ly9yMTAuaS5sZW5jci5v
cmcvMBgGA1UdEQQRMA+CDWFwaS53ZXhmaS5jb20wEwYDVR0gBAwwCjAIBgZngQwB
AgEwggEGBgorBgEEAdZ5AgQCBIH3BIH0APIAdwCi4wrkRe+9rZt+OO1HZ3dT14Jb
hJTXK14bLMS5UKRH5wAAAZKRR+1WAAAEAwBIMEYCIQDJhrsm3AdeuSrZqCXaHLQk
ffJSGHqgiDfRlFhGlhsW4wIhAPU3ENrUPWJcNF5TnAgJnOlQL79eGchjcAzkQIKX
hcqUAHcA4JKz/AwdyOdoNh/eYbmWTQpSeBmKctZyxLBNpW1vVAQAAAGSkUftvwAA
BAMASDBGAiEA8jW9FqAPI4zFTi6axc3MEyk35YsFY5akAx56s2Q08aMCIQDEVMAE
E5c7GnOTkxYj/hhR5sUTWiOC+PU1IBsC39XtSjANBgkqhkiG9w0BAQsFAAOCAQEA
GbHfCV32pdh1p8sC3jSh+ns+3Dxz0zhlXkbG4j5OR3kVx8ZQvTEuuuwncKnXSdbE
opaAdJlHPGy+ECtKMiP8sqEBp2ivc8n+p66vrVhjNNzu/U8rpsu4gRY++jmqMH7b
qrzph0rO03YMt860fNf9wxnRQDuL0IYiiBLHzYW++NDkBR/0p3A/n3FYmtP6rgAx
lm1Nq7VKo4/SNe82vomCZRVO8NNdr5l4GwPIOi+OeQhSCNhv0lBd3WKneG3/6KEG
u0155n5J1n4fwlcE2xfKVnC/ifsybUscS3lGSp3/8sqoSd4d5LH7IVMWQcdBYmTX
qmbz0UsKseWy4N7adheCsQ==
-----END CERTIFICATE-----

-----BEGIN CERTIFICATE-----
MIIFBTCCAu2gAwIBAgIQS6hSk/eaL6JzBkuoBI110DANBgkqhkiG9w0BAQsFADBP
MQswCQYDVQQGEwJVUzEpMCcGA1UEChMgSW50ZXJuZXQgU2VjdXJpdHkgUmVzZWFy
Y2ggR3JvdXAxFTATBgNVBAMTDElTUkcgUm9vdCBYMTAeFw0yNDAzMTMwMDAwMDBa
Fw0yNzAzMTIyMzU5NTlaMDMxCzAJBgNVBAYTAlVTMRYwFAYDVQQKEw1MZXQncyBF
bmNyeXB0MQwwCgYDVQQDEwNSMTAwggEiMA0GCSqGSIb3DQEBAQUAA4IBDwAwggEK
AoIBAQDPV+XmxFQS7bRH/sknWHZGUCiMHT6I3wWd1bUYKb3dtVq/+vbOo76vACFL
YlpaPAEvxVgD9on/jhFD68G14BQHlo9vH9fnuoE5CXVlt8KvGFs3Jijno/QHK20a
/6tYvJWuQP/py1fEtVt/eA0YYbwX51TGu0mRzW4Y0YCF7qZlNrx06rxQTOr8IfM4
FpOUurDTazgGzRYSespSdcitdrLCnF2YRVxvYXvGLe48E1KGAdlX5jgc3421H5KR
mudKHMxFqHJV8LDmowfs/acbZp4/SItxhHFYyTr6717yW0QrPHTnj7JHwQdqzZq3
DZb3EoEmUVQK7GH29/Xi8orIlQ2NAgMBAAGjgfgwgfUwDgYDVR0PAQH/BAQDAgGG
MB0GA1UdJQQWMBQGCCsGAQUFBwMCBggrBgEFBQcDATASBgNVHRMBAf8ECDAGAQH/
AgEAMB0GA1UdDgQWBBS7vMNHpeS8qcbDpHIMEI2iNeHI6DAfBgNVHSMEGDAWgBR5
tFnme7bl5AFzgAiIyBpY9umbbjAyBggrBgEFBQcBAQQmMCQwIgYIKwYBBQUHMAKG
Fmh0dHA6Ly94MS5pLmxlbmNyLm9yZy8wEwYDVR0gBAwwCjAIBgZngQwBAgEwJwYD
VR0fBCAwHjAcoBqgGIYWaHR0cDovL3gxLmMubGVuY3Iub3JnLzANBgkqhkiG9w0B
AQsFAAOCAgEAkrHnQTfreZ2B5s3iJeE6IOmQRJWjgVzPw139vaBw1bGWKCIL0vIo
zwzn1OZDjCQiHcFCktEJr59L9MhwTyAWsVrdAfYf+B9haxQnsHKNY67u4s5Lzzfd
u6PUzeetUK29v+PsPmI2cJkxp+iN3epi4hKu9ZzUPSwMqtCceb7qPVxEbpYxY1p9
1n5PJKBLBX9eb9LU6l8zSxPWV7bK3lG4XaMJgnT9x3ies7msFtpKK5bDtotij/l0
GaKeA97pb5uwD9KgWvaFXMIEt8jVTjLEvwRdvCn294GPDF08U8lAkIv7tghluaQh
1QnlE4SEN4LOECj8dsIGJXpGUk3aU3KkJz9icKy+aUgA+2cP21uh6NcDIS3XyfaZ
QjmDQ993ChII8SXWupQZVBiIpcWO4RqZk3lr7Bz5MUCwzDIA359e57SSq5CCkY0N
4B6Vulk7LktfwrdGNVI5BsC9qqxSwSKgRJeZ9wygIaehbHFHFhcBaMDKpiZlBHyz
rsnnlFXCb5s8HKn5LsUgGvB24L7sGNZP2CX7dhHov+YhD+jozLW2p9W4959Bz2Ei
RmqDtmiXLnzqTpXbI+suyCsohKRg6Un0RC47+cpiVwHiXZAW+cn8eiNIjqbVgXLx
KPpdzvvtTnOPlC7SQZSYmdunr3Bf9b77AiC/ZidstK36dRILKz7OA54=
-----END CERTIFICATE-----

2024-10-15T17:44:24.227Z [info]: Starting certificate acquisition for socket.wexfi.com
2024-10-15T17:44:24.227Z [info]: Generating CSR for socket.wexfi.com
2024-10-15T17:44:24.410Z [info]: Initiating ACME challenge for socket.wexfi.com
2024-10-15T17:44:25.674Z [info]: Challenge created for socket.wexfi.com
2024-10-15T17:44:25.675Z [info]: Challenge type: dns-01
2024-10-15T17:44:25.675Z [info]: DNS record name: _acme-challenge.socket
2024-10-15T17:44:25.675Z [info]: DNS record value: ZYM6y44065Z5TL4vSRRIMaHc2HccYZ3Fi1qHX4GywDY
2024-10-15T17:44:45.813Z [info]: DNS record propagated for socket.wexfi.com
2024-10-15T17:44:47.289Z [info]: Challenge removed for socket.wexfi.com
2024-10-15T17:44:47.289Z [info]: DNS record name: _acme-challenge.socket.wexfi.com
2024-10-15T17:44:48.767Z [info]: Certificate acquired successfully for socket.wexfi.com
2024-10-15T17:44:48.767Z [warn]: Chain is not an array for certificate: -----BEGIN CERTIFICATE-----
MIIE8TCCA9mgAwIBAgISA0UFob/eLEJyqBALTfv7V133MA0GCSqGSIb3DQEBCwUA
MDMxCzAJBgNVBAYTAlVTMRYwFAYDVQQKEw1MZXQncyBFbmNyeXB0MQwwCgYDVQQD
EwNSMTAwHhcNMjQxMDE1MTY0NjE3WhcNMjUwMTEzMTY0NjE2WjAbMRkwFwYDVQQD
ExBzb2NrZXQud2V4ZmkuY29tMIIBIjANBgkqhkiG9w0BAQEFAAOCAQ8AMIIBCgKC
AQEAs4ipRVpcDKRUpKnLb6KXEs/bJLiac0yCXMQw8PxtaWfn3948AXgAmwWxlh8v
GIiamatjLhRVI375f3c1Mfesmix2wmBAfF7wTvkoALnTDd90KxuikasOFn5iE/dg
FMj5D95J4q6pXCxU5H2ylctgAA0XqqYiI4zMakNf1Xp/YGz7NKOcmqw+IRmp9CV4
BxaM1Ahd/fKpBp0G+VszMboABkd61HlvmbjEjCTX8/UiRjMjS/kJ9y5h5xc4QjUx
3ne1qBcZwszQrXMR5gIVj2r5QHW8+1xBseP3ZEkjgCpbfxWF7Bsjgjq+XTyI0JFS
TDeTuKayvd0DbGJWqKNdCEv3rwIDAQABo4ICFTCCAhEwDgYDVR0PAQH/BAQDAgWg
MB0GA1UdJQQWMBQGCCsGAQUFBwMBBggrBgEFBQcDAjAMBgNVHRMBAf8EAjAAMB0G
A1UdDgQWBBR8mHJYUYGRhfbAhPj2CeVCy2GkeDAfBgNVHSMEGDAWgBS7vMNHpeS8
qcbDpHIMEI2iNeHI6DBXBggrBgEFBQcBAQRLMEkwIgYIKwYBBQUHMAGGFmh0dHA6
Ly9yMTAuby5sZW5jci5vcmcwIwYIKwYBBQUHMAKGF2h0dHA6Ly9yMTAuaS5sZW5j
ci5vcmcvMBsGA1UdEQQUMBKCEHNvY2tldC53ZXhmaS5jb20wEwYDVR0gBAwwCjAI
BgZngQwBAgEwggEFBgorBgEEAdZ5AgQCBIH2BIHzAPEAdwA/F0tP1yJHWJQdZRyE
vg0S7ZA3fx+FauvBvyiF7PhkbgAAAZKRSE4KAAAEAwBIMEYCIQCy4bOkLGx7/ekI
PV8K0ii2dDHUWTD33Ixy8tSky8LcVgIhAKYoZh3RHFJxLwHQ7JHp1fU6YxnHnws5
CsWDRPmvSFqfAHYAzxFW7tUufK/zh1vZaS6b6RpxZ0qwF+ysAdJbd87MOwgAAAGS
kUhOXQAABAMARzBFAiAxwl1sWjYpzJp4xiqZu91pOng3xqX4QwnVfAQqfhwT7wIh
AJ9GbGe2MQAfqadw+Rs9h6vNr2fHnUbKMsewQ3jtCHWyMA0GCSqGSIb3DQEBCwUA
A4IBAQB4QRkBQKGokqkHCiqOZV5zGT9d4R15wVlqipr3ah9vjX2zPAKhgYCkC9+W
0smXkjskcuoaJZ8M8tV3xYPOKUYqjyTwpuBNZIdcflkpddlZ7dCivqgs7+EjFmom
KcRi9JYHo1lqqLl4PXZGXr/5ev59cctfhoR5YgfohSnKS7vdw24MylA2Tq5mWfmp
LBcj7y7FH8qqbh3qKAO385HMsnjGi8oOYdf/n+21jQ4UaPYf65rGOjjaOXTqvP0Y
WZQoMBw9ZHSrGM8vOp8rsWSSFvZDdpoAFRusTmAnb4u9Y+EdUowO3wtoOns8EIRE
U9/SSaxvEABLoB5vvjUjHomH/lFP
-----END CERTIFICATE-----

-----BEGIN CERTIFICATE-----
MIIFBTCCAu2gAwIBAgIQS6hSk/eaL6JzBkuoBI110DANBgkqhkiG9w0BAQsFADBP
MQswCQYDVQQGEwJVUzEpMCcGA1UEChMgSW50ZXJuZXQgU2VjdXJpdHkgUmVzZWFy
Y2ggR3JvdXAxFTATBgNVBAMTDElTUkcgUm9vdCBYMTAeFw0yNDAzMTMwMDAwMDBa
Fw0yNzAzMTIyMzU5NTlaMDMxCzAJBgNVBAYTAlVTMRYwFAYDVQQKEw1MZXQncyBF
bmNyeXB0MQwwCgYDVQQDEwNSMTAwggEiMA0GCSqGSIb3DQEBAQUAA4IBDwAwggEK
AoIBAQDPV+XmxFQS7bRH/sknWHZGUCiMHT6I3wWd1bUYKb3dtVq/+vbOo76vACFL
YlpaPAEvxVgD9on/jhFD68G14BQHlo9vH9fnuoE5CXVlt8KvGFs3Jijno/QHK20a
/6tYvJWuQP/py1fEtVt/eA0YYbwX51TGu0mRzW4Y0YCF7qZlNrx06rxQTOr8IfM4
FpOUurDTazgGzRYSespSdcitdrLCnF2YRVxvYXvGLe48E1KGAdlX5jgc3421H5KR
mudKHMxFqHJV8LDmowfs/acbZp4/SItxhHFYyTr6717yW0QrPHTnj7JHwQdqzZq3
DZb3EoEmUVQK7GH29/Xi8orIlQ2NAgMBAAGjgfgwgfUwDgYDVR0PAQH/BAQDAgGG
MB0GA1UdJQQWMBQGCCsGAQUFBwMCBggrBgEFBQcDATASBgNVHRMBAf8ECDAGAQH/
AgEAMB0GA1UdDgQWBBS7vMNHpeS8qcbDpHIMEI2iNeHI6DAfBgNVHSMEGDAWgBR5
tFnme7bl5AFzgAiIyBpY9umbbjAyBggrBgEFBQcBAQQmMCQwIgYIKwYBBQUHMAKG
Fmh0dHA6Ly94MS5pLmxlbmNyLm9yZy8wEwYDVR0gBAwwCjAIBgZngQwBAgEwJwYD
VR0fBCAwHjAcoBqgGIYWaHR0cDovL3gxLmMubGVuY3Iub3JnLzANBgkqhkiG9w0B
AQsFAAOCAgEAkrHnQTfreZ2B5s3iJeE6IOmQRJWjgVzPw139vaBw1bGWKCIL0vIo
zwzn1OZDjCQiHcFCktEJr59L9MhwTyAWsVrdAfYf+B9haxQnsHKNY67u4s5Lzzfd
u6PUzeetUK29v+PsPmI2cJkxp+iN3epi4hKu9ZzUPSwMqtCceb7qPVxEbpYxY1p9
1n5PJKBLBX9eb9LU6l8zSxPWV7bK3lG4XaMJgnT9x3ies7msFtpKK5bDtotij/l0
GaKeA97pb5uwD9KgWvaFXMIEt8jVTjLEvwRdvCn294GPDF08U8lAkIv7tghluaQh
1QnlE4SEN4LOECj8dsIGJXpGUk3aU3KkJz9icKy+aUgA+2cP21uh6NcDIS3XyfaZ
QjmDQ993ChII8SXWupQZVBiIpcWO4RqZk3lr7Bz5MUCwzDIA359e57SSq5CCkY0N
4B6Vulk7LktfwrdGNVI5BsC9qqxSwSKgRJeZ9wygIaehbHFHFhcBaMDKpiZlBHyz
rsnnlFXCb5s8HKn5LsUgGvB24L7sGNZP2CX7dhHov+YhD+jozLW2p9W4959Bz2Ei
RmqDtmiXLnzqTpXbI+suyCsohKRg6Un0RC47+cpiVwHiXZAW+cn8eiNIjqbVgXLx
KPpdzvvtTnOPlC7SQZSYmdunr3Bf9b77AiC/ZidstK36dRILKz7OA54=
-----END CERTIFICATE-----

2024-10-15T17:44:48.781Z [info]: Output file written to /mnt/main_volume/traefik-config/acme.json
2025-01-13T18:31:00.580Z [info]: Initializing LetsEncrypt service...
2025-01-13T18:31:00.731Z [info]: Creating ACME account...
2025-01-13T18:31:01.798Z [info]: LetsEncrypt account created successfully
2025-01-13T18:31:01.798Z [info]: Starting certificate acquisition for www.wexfi.com
2025-01-13T18:31:01.798Z [info]: Generating CSR for www.wexfi.com
2025-01-13T18:31:02.148Z [info]: Initiating ACME challenge for www.wexfi.com
2025-01-13T18:31:03.330Z [info]: Challenge created for www.wexfi.com
2025-01-13T18:31:03.330Z [info]: Challenge type: dns-01
2025-01-13T18:31:03.330Z [info]: DNS record name: _acme-challenge.www
2025-01-13T18:31:03.330Z [info]: DNS record value: NGvGKKkdcA9C0v8frR7boaEHWe8vK1ruG-PhMktHm1Y
2025-01-13T18:35:04.265Z [info]: DNS record propagated for www.wexfi.com
2025-01-13T18:35:21.756Z [info]: Challenge removed for www.wexfi.com
2025-01-13T18:35:21.757Z [info]: DNS record name: _acme-challenge.www.wexfi.com
2025-01-13T18:35:23.834Z [info]: Certificate acquired successfully for www.wexfi.com
2025-01-13T18:35:23.834Z [warn]: Chain is not an array for certificate: -----BEGIN CERTIFICATE-----
MIIE6TCCA9GgAwIBAgISBGSCoj9uIPEdZhMYTZcO/XGIMA0GCSqGSIb3DQEBCwUA
MDMxCzAJBgNVBAYTAlVTMRYwFAYDVQQKEw1MZXQncyBFbmNyeXB0MQwwCgYDVQQD
EwNSMTAwHhcNMjUwMTEzMTczNjUyWhcNMjUwNDEzMTczNjUxWjAYMRYwFAYDVQQD
Ew13d3cud2V4ZmkuY29tMIIBIjANBgkqhkiG9w0BAQEFAAOCAQ8AMIIBCgKCAQEA
nPVXsf1qPprmOwI0wYfJOQiY8Ia2pSu/Y70eH5Im4Ih5fnlMTY/8hXTYky2fERS1
QNUaZduBRC4eusHpKnyfAK7lK/bFwrJVqO506spCznT002CnqmTNzsTOgdV/2xee
ZybnCSPXpuz+ULCJeXrv2Wy8NG9mJhajaVX/uhTWAf12jTSZSJBo/iVlvDDXtxr4
tKMBkm6p/TY5mQD8dDnAMju+F5gRzT7vqSZ/qpfOKEsICWx6KgnxrcA2N4uECcZP
E9V0B+MLTR12JQePjSYEnAdRv1bM2GoLxEUTeQYzQYEnW0GqoHB1KRfYLs8vJ+0p
EFlv9wnZ7k55WbYXKT9sxwIDAQABo4ICEDCCAgwwDgYDVR0PAQH/BAQDAgWgMB0G
A1UdJQQWMBQGCCsGAQUFBwMBBggrBgEFBQcDAjAMBgNVHRMBAf8EAjAAMB0GA1Ud
DgQWBBTUiCVKstl+4ES4gyMJqBGtFPMwlDAfBgNVHSMEGDAWgBS7vMNHpeS8qcbD
pHIMEI2iNeHI6DBXBggrBgEFBQcBAQRLMEkwIgYIKwYBBQUHMAGGFmh0dHA6Ly9y
MTAuby5sZW5jci5vcmcwIwYIKwYBBQUHMAKGF2h0dHA6Ly9yMTAuaS5sZW5jci5v
cmcvMBgGA1UdEQQRMA+CDXd3dy53ZXhmaS5jb20wEwYDVR0gBAwwCjAIBgZngQwB
AgEwggEDBgorBgEEAdZ5AgQCBIH0BIHxAO8AdQCi4wrkRe+9rZt+OO1HZ3dT14Jb
hJTXK14bLMS5UKRH5wAAAZRg8vRMAAAEAwBGMEQCIDowaAnuH4M2blehs5zKKPL5
Qp4VfPt36k2QPvHxJzJIAiBOCjXgsr+W9X0SbCY9UiA2zmSuQvLunvE31jFUill7
YwB2AOCSs/wMHcjnaDYf3mG5lk0KUngZinLWcsSwTaVtb1QEAAABlGDy9GoAAAQD
AEcwRQIhALfe+DWznDvW00ql2BBA8hv/fftlEN1xLE4eTVYrf8msAiBhSUZqtmLN
nDqm7aHhtg0JCeN+i4Zc1vSgeH77apSVwzANBgkqhkiG9w0BAQsFAAOCAQEALQih
1+5ZvcKtwrgMuh1rWN+d2aJNqKqy9uCwVGKTQvil2efOo0t0iO+HzxSv5Bl4cs7F
1Gx1fDbcHcExHnhR+r2019U2MbccEN6E0cA0c2iRLsXvU5xj+jpmYSYxqwzpGTIy
tCYiRkJFf+Ii/P3JGK1ZPJu9fXs9Sv732Uz/7bKgz/T2PBDP0NTqGC9vJHYaKpWF
9oXFY5tGVy7lBWOfL7+pigapTkV0pFv6VoKAEWvtizW1aIiP8Z62ilz43WPjQpLE
TXF5o/y/kKKAOG6I4v3drz+e6GFzmkqCG0vQ5CP0z7VfcjQXBPpX+jJqqx7zF92E
eJnSSUy51twK8S7DYA==
-----END CERTIFICATE-----

-----BEGIN CERTIFICATE-----
MIIFBTCCAu2gAwIBAgIQS6hSk/eaL6JzBkuoBI110DANBgkqhkiG9w0BAQsFADBP
MQswCQYDVQQGEwJVUzEpMCcGA1UEChMgSW50ZXJuZXQgU2VjdXJpdHkgUmVzZWFy
Y2ggR3JvdXAxFTATBgNVBAMTDElTUkcgUm9vdCBYMTAeFw0yNDAzMTMwMDAwMDBa
Fw0yNzAzMTIyMzU5NTlaMDMxCzAJBgNVBAYTAlVTMRYwFAYDVQQKEw1MZXQncyBF
bmNyeXB0MQwwCgYDVQQDEwNSMTAwggEiMA0GCSqGSIb3DQEBAQUAA4IBDwAwggEK
AoIBAQDPV+XmxFQS7bRH/sknWHZGUCiMHT6I3wWd1bUYKb3dtVq/+vbOo76vACFL
YlpaPAEvxVgD9on/jhFD68G14BQHlo9vH9fnuoE5CXVlt8KvGFs3Jijno/QHK20a
/6tYvJWuQP/py1fEtVt/eA0YYbwX51TGu0mRzW4Y0YCF7qZlNrx06rxQTOr8IfM4
FpOUurDTazgGzRYSespSdcitdrLCnF2YRVxvYXvGLe48E1KGAdlX5jgc3421H5KR
mudKHMxFqHJV8LDmowfs/acbZp4/SItxhHFYyTr6717yW0QrPHTnj7JHwQdqzZq3
DZb3EoEmUVQK7GH29/Xi8orIlQ2NAgMBAAGjgfgwgfUwDgYDVR0PAQH/BAQDAgGG
MB0GA1UdJQQWMBQGCCsGAQUFBwMCBggrBgEFBQcDATASBgNVHRMBAf8ECDAGAQH/
AgEAMB0GA1UdDgQWBBS7vMNHpeS8qcbDpHIMEI2iNeHI6DAfBgNVHSMEGDAWgBR5
tFnme7bl5AFzgAiIyBpY9umbbjAyBggrBgEFBQcBAQQmMCQwIgYIKwYBBQUHMAKG
Fmh0dHA6Ly94MS5pLmxlbmNyLm9yZy8wEwYDVR0gBAwwCjAIBgZngQwBAgEwJwYD
VR0fBCAwHjAcoBqgGIYWaHR0cDovL3gxLmMubGVuY3Iub3JnLzANBgkqhkiG9w0B
AQsFAAOCAgEAkrHnQTfreZ2B5s3iJeE6IOmQRJWjgVzPw139vaBw1bGWKCIL0vIo
zwzn1OZDjCQiHcFCktEJr59L9MhwTyAWsVrdAfYf+B9haxQnsHKNY67u4s5Lzzfd
u6PUzeetUK29v+PsPmI2cJkxp+iN3epi4hKu9ZzUPSwMqtCceb7qPVxEbpYxY1p9
1n5PJKBLBX9eb9LU6l8zSxPWV7bK3lG4XaMJgnT9x3ies7msFtpKK5bDtotij/l0
GaKeA97pb5uwD9KgWvaFXMIEt8jVTjLEvwRdvCn294GPDF08U8lAkIv7tghluaQh
1QnlE4SEN4LOECj8dsIGJXpGUk3aU3KkJz9icKy+aUgA+2cP21uh6NcDIS3XyfaZ
QjmDQ993ChII8SXWupQZVBiIpcWO4RqZk3lr7Bz5MUCwzDIA359e57SSq5CCkY0N
4B6Vulk7LktfwrdGNVI5BsC9qqxSwSKgRJeZ9wygIaehbHFHFhcBaMDKpiZlBHyz
rsnnlFXCb5s8HKn5LsUgGvB24L7sGNZP2CX7dhHov+YhD+jozLW2p9W4959Bz2Ei
RmqDtmiXLnzqTpXbI+suyCsohKRg6Un0RC47+cpiVwHiXZAW+cn8eiNIjqbVgXLx
KPpdzvvtTnOPlC7SQZSYmdunr3Bf9b77AiC/ZidstK36dRILKz7OA54=
-----END CERTIFICATE-----

2025-01-13T18:35:23.834Z [info]: Starting certificate acquisition for wexfi.com
2025-01-13T18:35:23.834Z [info]: Generating CSR for wexfi.com
2025-01-13T18:35:24.000Z [info]: Initiating ACME challenge for wexfi.com
2025-01-13T18:35:25.138Z [info]: Challenge created for wexfi.com
2025-01-13T18:35:25.139Z [info]: Challenge type: dns-01
2025-01-13T18:35:25.139Z [info]: DNS record name: _acme-challenge.@
2025-01-13T18:35:25.139Z [info]: DNS record value: Mn9i7qcm88BabTwflwzPXKni9ROzDXhFcntyIfZz4xE
2025-01-13T18:36:37.316Z [info]: DNS record propagated for wexfi.com
2025-01-13T18:36:38.753Z [info]: Challenge removed for wexfi.com
2025-01-13T18:36:38.753Z [info]: DNS record name: _acme-challenge.wexfi.com
2025-01-13T18:36:40.458Z [info]: Certificate acquired successfully for wexfi.com
2025-01-13T18:36:40.458Z [warn]: Chain is not an array for certificate: -----BEGIN CERTIFICATE-----
MIIE4jCCA8qgAwIBAgISBNIshd0q5Uw+uYKdsmaF7M7bMA0GCSqGSIb3DQEBCwUA
MDMxCzAJBgNVBAYTAlVTMRYwFAYDVQQKEw1MZXQncyBFbmNyeXB0MQwwCgYDVQQD
EwNSMTEwHhcNMjUwMTEzMTczODA5WhcNMjUwNDEzMTczODA4WjAUMRIwEAYDVQQD
Ewl3ZXhmaS5jb20wggEiMA0GCSqGSIb3DQEBAQUAA4IBDwAwggEKAoIBAQCdutmj
MRfwQ3SBVE/hqibPw5xuuqGEoGNe70HvdiBDWo+TJ3FakBz6PNRzWHFx0+DdYYG9
iflX8VOdU6zF41Qj254RWEVQm8DtvfoKiPB5+1qCP51NnI7aRQzcMc8bH24L/BrL
oJbHCLL492mgxxBFkehBmentVkD7q8C9QU1QtvamCKtXhhP1mUBtcWSrJd8xgSwZ
7qRCu50/+F77FhJMXgzcNBDj8bQxYg9yIMNBzdxe6RdbvZwbif20hJcovkiT9ojr
zehOYK6OOpMPQzqYnjafJaY0Mow75Q73FsO68Moh+a/MwN95bHq1S4rBPQ7PPJSn
Qo5Ic5fm6kkXoTKnAgMBAAGjggINMIICCTAOBgNVHQ8BAf8EBAMCBaAwHQYDVR0l
BBYwFAYIKwYBBQUHAwEGCCsGAQUFBwMCMAwGA1UdEwEB/wQCMAAwHQYDVR0OBBYE
FDUQTTfzqGnuMdxp3ZmhxLpor2X/MB8GA1UdIwQYMBaAFMXPRqTq9MPAemyVxC2w
XpIvJuO5MFcGCCsGAQUFBwEBBEswSTAiBggrBgEFBQcwAYYWaHR0cDovL3IxMS5v
LmxlbmNyLm9yZzAjBggrBgEFBQcwAoYXaHR0cDovL3IxMS5pLmxlbmNyLm9yZy8w
FAYDVR0RBA0wC4IJd2V4ZmkuY29tMBMGA1UdIAQMMAowCAYGZ4EMAQIBMIIBBAYK
KwYBBAHWeQIEAgSB9QSB8gDwAHUAzPsPaoVxCWX+lZtTzumyfCLphVwNl422qX5U
wP5MDbAAAAGUYPQg1AAABAMARjBEAiAJiWEJ5t/5J3uixKJSfdtdTvSFo7M0ON8Y
aISgro3xVAIgOXuune8curqzb/tzBfxBSGB1wE4wB6389bGrR5joYYMAdwB9WR4S
4XgqexxhZ3xe/fjQh1wUoE6VnrkDL9kOjC55uAAAAZRg9CDQAAAEAwBIMEYCIQDx
606xafnNAE3hovvLbNxW2b1TFwW0iLby+PmDEq7FpAIhAKu1sHTE1mhsH8HrMiFz
uUPlhhlWo20OS5AP8nC8qJZJMA0GCSqGSIb3DQEBCwUAA4IBAQBvyNmCYXHa7y8J
CsNfyriQboa7swCXHCROqlWLp5C26Hajpw9Yi+DGOOyg8qz6ZT51mla4MbrB9nhY
quXRN3KjyvIjVG2XUfhoTgiFyutHDV2MjeW1w08Qy+9kj6kuM4Kpjv+v6BW+N1/U
yuSSYinR7fiTTAO3KXnAlpyWyI8xpg0baQZ/xLyeBvXPj5tJPhMPPArHwL3ZgABF
Xby8s0xUFX9oxrs5hUnJP7nrGYG1pIVDGjVnM0mT4obJUu1bM8fGbnpypYHGjcf0
xmp/OxgdezVwRrYr9ji2zyqS6if3YHnym6heTSOE2i1c6cmoFX/9ypY0pJO2xgEP
ktKSyoeb
-----END CERTIFICATE-----

-----BEGIN CERTIFICATE-----
MIIFBjCCAu6gAwIBAgIRAIp9PhPWLzDvI4a9KQdrNPgwDQYJKoZIhvcNAQELBQAw
TzELMAkGA1UEBhMCVVMxKTAnBgNVBAoTIEludGVybmV0IFNlY3VyaXR5IFJlc2Vh
cmNoIEdyb3VwMRUwEwYDVQQDEwxJU1JHIFJvb3QgWDEwHhcNMjQwMzEzMDAwMDAw
WhcNMjcwMzEyMjM1OTU5WjAzMQswCQYDVQQGEwJVUzEWMBQGA1UEChMNTGV0J3Mg
RW5jcnlwdDEMMAoGA1UEAxMDUjExMIIBIjANBgkqhkiG9w0BAQEFAAOCAQ8AMIIB
CgKCAQEAuoe8XBsAOcvKCs3UZxD5ATylTqVhyybKUvsVAbe5KPUoHu0nsyQYOWcJ
DAjs4DqwO3cOvfPlOVRBDE6uQdaZdN5R2+97/1i9qLcT9t4x1fJyyXJqC4N0lZxG
AGQUmfOx2SLZzaiSqhwmej/+71gFewiVgdtxD4774zEJuwm+UE1fj5F2PVqdnoPy
6cRms+EGZkNIGIBloDcYmpuEMpexsr3E+BUAnSeI++JjF5ZsmydnS8TbKF5pwnnw
SVzgJFDhxLyhBax7QG0AtMJBP6dYuC/FXJuluwme8f7rsIU5/agK70XEeOtlKsLP
Xzze41xNG/cLJyuqC0J3U095ah2H2QIDAQABo4H4MIH1MA4GA1UdDwEB/wQEAwIB
hjAdBgNVHSUEFjAUBggrBgEFBQcDAgYIKwYBBQUHAwEwEgYDVR0TAQH/BAgwBgEB
/wIBADAdBgNVHQ4EFgQUxc9GpOr0w8B6bJXELbBeki8m47kwHwYDVR0jBBgwFoAU
ebRZ5nu25eQBc4AIiMgaWPbpm24wMgYIKwYBBQUHAQEEJjAkMCIGCCsGAQUFBzAC
hhZodHRwOi8veDEuaS5sZW5jci5vcmcvMBMGA1UdIAQMMAowCAYGZ4EMAQIBMCcG
A1UdHwQgMB4wHKAaoBiGFmh0dHA6Ly94MS5jLmxlbmNyLm9yZy8wDQYJKoZIhvcN
AQELBQADggIBAE7iiV0KAxyQOND1H/lxXPjDj7I3iHpvsCUf7b632IYGjukJhM1y
v4Hz/MrPU0jtvfZpQtSlET41yBOykh0FX+ou1Nj4ScOt9ZmWnO8m2OG0JAtIIE38
01S0qcYhyOE2G/93ZCkXufBL713qzXnQv5C/viOykNpKqUgxdKlEC+Hi9i2DcaR1
e9KUwQUZRhy5j/PEdEglKg3l9dtD4tuTm7kZtB8v32oOjzHTYw+7KdzdZiw/sBtn
UfhBPORNuay4pJxmY/WrhSMdzFO2q3Gu3MUBcdo27goYKjL9CTF8j/Zz55yctUoV
aneCWs/ajUX+HypkBTA+c8LGDLnWO2NKq0YD/pnARkAnYGPfUDoHR9gVSp/qRx+Z
WghiDLZsMwhN1zjtSC0uBWiugF3vTNzYIEFfaPG7Ws3jDrAMMYebQ95JQ+HIBD/R
PBuHRTBpqKlyDnkSHDHYPiNX3adPoPAcgdF3H2/W0rmoswMWgTlLn1Wu0mrks7/q
pdWfS6PJ1jty80r2VKsM/Dj3YIDfbjXKdaFU5C+8bhfJGqU3taKauuz0wHVGT3eo
6FlWkWYtbt4pgdamlwVeZEW+LM7qZEJEsMNPrfC03APKmZsJgpWCDWOKZvkZcvjV
uYkQ4omYCTX5ohy+knMjdOmdH9c7SpqEWBDC86fiNex+O0XOMEZSa8DA
-----END CERTIFICATE-----

2025-01-13T18:36:40.458Z [info]: Starting certificate acquisition for api.wexfi.com
2025-01-13T18:36:40.458Z [info]: Generating CSR for api.wexfi.com
2025-01-13T18:36:40.630Z [info]: Initiating ACME challenge for api.wexfi.com
2025-01-13T18:36:41.851Z [info]: Challenge created for api.wexfi.com
2025-01-13T18:36:41.851Z [info]: Challenge type: dns-01
2025-01-13T18:36:41.851Z [info]: DNS record name: _acme-challenge.api
2025-01-13T18:36:41.851Z [info]: DNS record value: 8sxjIvUrSjmATBfzQRhnspWoqN5IWrs6WoyqHywvSJ8
2025-01-13T18:37:32.762Z [info]: DNS record propagated for api.wexfi.com
2025-01-13T18:37:40.027Z [info]: Challenge removed for api.wexfi.com
2025-01-13T18:37:40.027Z [info]: DNS record name: _acme-challenge.api.wexfi.com
2025-01-13T18:37:41.502Z [info]: Certificate acquired successfully for api.wexfi.com
2025-01-13T18:37:41.502Z [warn]: Chain is not an array for certificate: -----BEGIN CERTIFICATE-----
MIIE6zCCA9OgAwIBAgISA3z/pEL5Hu26W800vRYwdF8yMA0GCSqGSIb3DQEBCwUA
MDMxCzAJBgNVBAYTAlVTMRYwFAYDVQQKEw1MZXQncyBFbmNyeXB0MQwwCgYDVQQD
EwNSMTAwHhcNMjUwMTEzMTczOTEwWhcNMjUwNDEzMTczOTA5WjAYMRYwFAYDVQQD
Ew1hcGkud2V4ZmkuY29tMIIBIjANBgkqhkiG9w0BAQEFAAOCAQ8AMIIBCgKCAQEA
nYg8Gyjm3I8NshfQhDhPNNUbGrE8KXC//DiVrzmMWeP1RRKwpFmxoxftqCT168KE
oHfZAqarlgCy+6P0+xUgDxmiVfuUhNUfFw5PLod6j/DmokzIIC6l54W7hiVPZUnJ
q62JS8Vf1RU9iPOhToh8fvtIuuSfA0Bw9uU1bhWYsu9g338HJs7h9xLkA/2+molQ
4Yl2Yu+yDVDt6HsYP6kGFjAxy8yz7z3y/1OqKJagnSlcbnEFdmwSiC8gsxG3L4kl
61La+P4ZbamFjbYJSUB1CDFSzZQPwARRoUziO1KHTLcqj0B4ngpawopG9PLkXike
fdYTZLu/dXAXHJmV2JK2RQIDAQABo4ICEjCCAg4wDgYDVR0PAQH/BAQDAgWgMB0G
A1UdJQQWMBQGCCsGAQUFBwMBBggrBgEFBQcDAjAMBgNVHRMBAf8EAjAAMB0GA1Ud
DgQWBBQTxlwNZfWm7u9tLpmVJIH/KALxBjAfBgNVHSMEGDAWgBS7vMNHpeS8qcbD
pHIMEI2iNeHI6DBXBggrBgEFBQcBAQRLMEkwIgYIKwYBBQUHMAGGFmh0dHA6Ly9y
MTAuby5sZW5jci5vcmcwIwYIKwYBBQUHMAKGF2h0dHA6Ly9yMTAuaS5sZW5jci5v
cmcvMBgGA1UdEQQRMA+CDWFwaS53ZXhmaS5jb20wEwYDVR0gBAwwCjAIBgZngQwB
AgEwggEFBgorBgEEAdZ5AgQCBIH2BIHzAPEAdwB9WR4S4XgqexxhZ3xe/fjQh1wU
oE6VnrkDL9kOjC55uAAAAZRg9RAQAAAEAwBIMEYCIQDtydbP7jcyt2xXp9dV8inW
keUVScWaZ+3vFOBUj2SoHgIhAPweADMF5axFTQe18DGHolS77z4fNvKUcq+3p1B6
gID9AHYAouMK5EXvva2bfjjtR2d3U9eCW4SU1yteGyzEuVCkR+cAAAGUYPUQAwAA
BAMARzBFAiEAjX/nddW2SeW/VeERBShs/ealcBQj0qsDsMbtGeofP0ECIC9lLNxC
aCpAaRGMS959oiVBKU4xRDGJyJ00OkLz4fMpMA0GCSqGSIb3DQEBCwUAA4IBAQCN
fT8jdm7faefQglSxLVeXdDNFVscvIAg/HgangeDg7IvRE4mX+J0t3T7YEBSDFltS
DKEr93Fs3NFpZ4WNC4vnUBBSg5KHkuOVZ5/zIq5GEGwFYX/Hj2WKvXEMVTFgqpB8
1q3ORZbPdbvmDAj3cjoVGw4eEtqiS2XnSUhMPmHUpltd56iMHsbqBV9TKQf2CdAv
e0Q4bat0RZ3EtzPTkTGu+OBMfp7EqQSLdB1VDiuFkLXaPEaaBJuW9zNwTMUsPB/0
3QiJ5hV51qlIhEHPuc6Mq49uuVPUBmBMBnpqwOXOebpt5voxcOwmRNZLMFOZCa5T
ArQDob4PmB4qX6MtHfcL
-----END CERTIFICATE-----

-----BEGIN CERTIFICATE-----
MIIFBTCCAu2gAwIBAgIQS6hSk/eaL6JzBkuoBI110DANBgkqhkiG9w0BAQsFADBP
MQswCQYDVQQGEwJVUzEpMCcGA1UEChMgSW50ZXJuZXQgU2VjdXJpdHkgUmVzZWFy
Y2ggR3JvdXAxFTATBgNVBAMTDElTUkcgUm9vdCBYMTAeFw0yNDAzMTMwMDAwMDBa
Fw0yNzAzMTIyMzU5NTlaMDMxCzAJBgNVBAYTAlVTMRYwFAYDVQQKEw1MZXQncyBF
bmNyeXB0MQwwCgYDVQQDEwNSMTAwggEiMA0GCSqGSIb3DQEBAQUAA4IBDwAwggEK
AoIBAQDPV+XmxFQS7bRH/sknWHZGUCiMHT6I3wWd1bUYKb3dtVq/+vbOo76vACFL
YlpaPAEvxVgD9on/jhFD68G14BQHlo9vH9fnuoE5CXVlt8KvGFs3Jijno/QHK20a
/6tYvJWuQP/py1fEtVt/eA0YYbwX51TGu0mRzW4Y0YCF7qZlNrx06rxQTOr8IfM4
FpOUurDTazgGzRYSespSdcitdrLCnF2YRVxvYXvGLe48E1KGAdlX5jgc3421H5KR
mudKHMxFqHJV8LDmowfs/acbZp4/SItxhHFYyTr6717yW0QrPHTnj7JHwQdqzZq3
DZb3EoEmUVQK7GH29/Xi8orIlQ2NAgMBAAGjgfgwgfUwDgYDVR0PAQH/BAQDAgGG
MB0GA1UdJQQWMBQGCCsGAQUFBwMCBggrBgEFBQcDATASBgNVHRMBAf8ECDAGAQH/
AgEAMB0GA1UdDgQWBBS7vMNHpeS8qcbDpHIMEI2iNeHI6DAfBgNVHSMEGDAWgBR5
tFnme7bl5AFzgAiIyBpY9umbbjAyBggrBgEFBQcBAQQmMCQwIgYIKwYBBQUHMAKG
Fmh0dHA6Ly94MS5pLmxlbmNyLm9yZy8wEwYDVR0gBAwwCjAIBgZngQwBAgEwJwYD
VR0fBCAwHjAcoBqgGIYWaHR0cDovL3gxLmMubGVuY3Iub3JnLzANBgkqhkiG9w0B
AQsFAAOCAgEAkrHnQTfreZ2B5s3iJeE6IOmQRJWjgVzPw139vaBw1bGWKCIL0vIo
zwzn1OZDjCQiHcFCktEJr59L9MhwTyAWsVrdAfYf+B9haxQnsHKNY67u4s5Lzzfd
u6PUzeetUK29v+PsPmI2cJkxp+iN3epi4hKu9ZzUPSwMqtCceb7qPVxEbpYxY1p9
1n5PJKBLBX9eb9LU6l8zSxPWV7bK3lG4XaMJgnT9x3ies7msFtpKK5bDtotij/l0
GaKeA97pb5uwD9KgWvaFXMIEt8jVTjLEvwRdvCn294GPDF08U8lAkIv7tghluaQh
1QnlE4SEN4LOECj8dsIGJXpGUk3aU3KkJz9icKy+aUgA+2cP21uh6NcDIS3XyfaZ
QjmDQ993ChII8SXWupQZVBiIpcWO4RqZk3lr7Bz5MUCwzDIA359e57SSq5CCkY0N
4B6Vulk7LktfwrdGNVI5BsC9qqxSwSKgRJeZ9wygIaehbHFHFhcBaMDKpiZlBHyz
rsnnlFXCb5s8HKn5LsUgGvB24L7sGNZP2CX7dhHov+YhD+jozLW2p9W4959Bz2Ei
RmqDtmiXLnzqTpXbI+suyCsohKRg6Un0RC47+cpiVwHiXZAW+cn8eiNIjqbVgXLx
KPpdzvvtTnOPlC7SQZSYmdunr3Bf9b77AiC/ZidstK36dRILKz7OA54=
-----END CERTIFICATE-----

2025-01-13T18:37:41.502Z [info]: Starting certificate acquisition for socket.wexfi.com
2025-01-13T18:37:41.502Z [info]: Generating CSR for socket.wexfi.com
2025-01-13T18:37:41.681Z [info]: Initiating ACME challenge for socket.wexfi.com
2025-01-13T18:37:42.890Z [info]: Challenge created for socket.wexfi.com
2025-01-13T18:37:42.890Z [info]: Challenge type: dns-01
2025-01-13T18:37:42.890Z [info]: DNS record name: _acme-challenge.socket
2025-01-13T18:37:42.890Z [info]: DNS record value: uCQEQSf6kdCS1IhLQ-ttwOseo5S8gfHoa6PQ_QGl0zU
2025-01-13T18:38:05.578Z [info]: DNS record propagated for socket.wexfi.com
2025-01-13T18:38:13.042Z [info]: Challenge removed for socket.wexfi.com
2025-01-13T18:38:13.043Z [info]: DNS record name: _acme-challenge.socket.wexfi.com
2025-01-13T18:38:14.405Z [info]: Certificate acquired successfully for socket.wexfi.com
2025-01-13T18:38:14.405Z [warn]: Chain is not an array for certificate: -----BEGIN CERTIFICATE-----
MIIE8DCCA9igAwIBAgISA9bMYy3iKa2qnC+Blj7pc+7VMA0GCSqGSIb3DQEBCwUA
MDMxCzAJBgNVBAYTAlVTMRYwFAYDVQQKEw1MZXQncyBFbmNyeXB0MQwwCgYDVQQD
EwNSMTAwHhcNMjUwMTEzMTczOTQzWhcNMjUwNDEzMTczOTQyWjAbMRkwFwYDVQQD
ExBzb2NrZXQud2V4ZmkuY29tMIIBIjANBgkqhkiG9w0BAQEFAAOCAQ8AMIIBCgKC
AQEAynfOr6N8+EVJjklFSWgZOuWjLRN1N2IcCYByzsHa6MuVT9SNT361qIgGBH2j
psTACwRumycahbSlMdohG7zX4d1iZ6eyVCWx0xf1SQ7WMCXPeSgqTNg+045E9v3q
xA2wuDK89MUKDTGDTX/fiOPy+vvka8kn7s2bYGh7+G1XSV7wP5R2FgKDXCDfF8fX
XixYusOQL/FZZBgLUiQwY0oeh03319AbeLMBEt61L1y7mdGPQAy1AixG8HUa9OWs
ow3GkofnzIlEvsWUDjelIifTSe9qJBqvmsvh30i5e3on2hj9s5e67dysDowR8QBY
EgDJv4d5sSCvpEXZicaiD36ncQIDAQABo4ICFDCCAhAwDgYDVR0PAQH/BAQDAgWg
MB0GA1UdJQQWMBQGCCsGAQUFBwMBBggrBgEFBQcDAjAMBgNVHRMBAf8EAjAAMB0G
A1UdDgQWBBRSo+Y2IbalrOmmfwLCpl2O6MrPBzAfBgNVHSMEGDAWgBS7vMNHpeS8
qcbDpHIMEI2iNeHI6DBXBggrBgEFBQcBAQRLMEkwIgYIKwYBBQUHMAGGFmh0dHA6
Ly9yMTAuby5sZW5jci5vcmcwIwYIKwYBBQUHMAKGF2h0dHA6Ly9yMTAuaS5sZW5j
ci5vcmcvMBsGA1UdEQQUMBKCEHNvY2tldC53ZXhmaS5jb20wEwYDVR0gBAwwCjAI
BgZngQwBAgEwggEEBgorBgEEAdZ5AgQCBIH1BIHyAPAAdwDm0jFjQHeMwRBBBtdx
uc7B0kD2loSG+7qHMh39HjeOUAAAAZRg9ZCCAAAEAwBIMEYCIQDGPa61D1IKEHYg
Tf4pzTStAZG4fVeI4gDqXAx//8vdRQIhAOZ6v6b5hF6gUjyEjZFODNJQyi8svjCR
9Y1mJLzvUCseAHUAzPsPaoVxCWX+lZtTzumyfCLphVwNl422qX5UwP5MDbAAAAGU
YPWQmQAABAMARjBEAiAHUIoaMV56UlnjVTAy5k7Us2nwXosecb66QhZv182NugIg
J6DlkMr75t2yt62mxbOu6hEPDHS+Go6tQvmqZCqcpDMwDQYJKoZIhvcNAQELBQAD
ggEBAFxmUXXUV8RY0lJIEYMLM5kfwB4EcpoO0jeCRaU9krMjKccl3RLVNCbp0mOC
i7CLk4EbyNBsi0MOoAGqYe2Y80mqldBNjwBxjATPg54GPfNNiogFc1ENtVtwRYrp
ih8NnpIHAcFtptqs/ufF/O2jY2g/IYveqpchl2vuD4z9igJ4aHmyA9+2QefCpj/G
RWU3/3Zb+jOSc6ODDKHn3YunciG6HjWMm9s9ja2gG2t6s8pOZOJdC/b0Ox2zdwWC
v5AEi/VGdM9C4umOEGQwsDPa5CGF9wW9DLTkW5lQgIP3OWkQWWmKXfLSvWTyptuo
Tlk744/1FRh8r8hPdexr70N77qU=
-----END CERTIFICATE-----

-----BEGIN CERTIFICATE-----
MIIFBTCCAu2gAwIBAgIQS6hSk/eaL6JzBkuoBI110DANBgkqhkiG9w0BAQsFADBP
MQswCQYDVQQGEwJVUzEpMCcGA1UEChMgSW50ZXJuZXQgU2VjdXJpdHkgUmVzZWFy
Y2ggR3JvdXAxFTATBgNVBAMTDElTUkcgUm9vdCBYMTAeFw0yNDAzMTMwMDAwMDBa
Fw0yNzAzMTIyMzU5NTlaMDMxCzAJBgNVBAYTAlVTMRYwFAYDVQQKEw1MZXQncyBF
bmNyeXB0MQwwCgYDVQQDEwNSMTAwggEiMA0GCSqGSIb3DQEBAQUAA4IBDwAwggEK
AoIBAQDPV+XmxFQS7bRH/sknWHZGUCiMHT6I3wWd1bUYKb3dtVq/+vbOo76vACFL
YlpaPAEvxVgD9on/jhFD68G14BQHlo9vH9fnuoE5CXVlt8KvGFs3Jijno/QHK20a
/6tYvJWuQP/py1fEtVt/eA0YYbwX51TGu0mRzW4Y0YCF7qZlNrx06rxQTOr8IfM4
FpOUurDTazgGzRYSespSdcitdrLCnF2YRVxvYXvGLe48E1KGAdlX5jgc3421H5KR
mudKHMxFqHJV8LDmowfs/acbZp4/SItxhHFYyTr6717yW0QrPHTnj7JHwQdqzZq3
DZb3EoEmUVQK7GH29/Xi8orIlQ2NAgMBAAGjgfgwgfUwDgYDVR0PAQH/BAQDAgGG
MB0GA1UdJQQWMBQGCCsGAQUFBwMCBggrBgEFBQcDATASBgNVHRMBAf8ECDAGAQH/
AgEAMB0GA1UdDgQWBBS7vMNHpeS8qcbDpHIMEI2iNeHI6DAfBgNVHSMEGDAWgBR5
tFnme7bl5AFzgAiIyBpY9umbbjAyBggrBgEFBQcBAQQmMCQwIgYIKwYBBQUHMAKG
Fmh0dHA6Ly94MS5pLmxlbmNyLm9yZy8wEwYDVR0gBAwwCjAIBgZngQwBAgEwJwYD
VR0fBCAwHjAcoBqgGIYWaHR0cDovL3gxLmMubGVuY3Iub3JnLzANBgkqhkiG9w0B
AQsFAAOCAgEAkrHnQTfreZ2B5s3iJeE6IOmQRJWjgVzPw139vaBw1bGWKCIL0vIo
zwzn1OZDjCQiHcFCktEJr59L9MhwTyAWsVrdAfYf+B9haxQnsHKNY67u4s5Lzzfd
u6PUzeetUK29v+PsPmI2cJkxp+iN3epi4hKu9ZzUPSwMqtCceb7qPVxEbpYxY1p9
1n5PJKBLBX9eb9LU6l8zSxPWV7bK3lG4XaMJgnT9x3ies7msFtpKK5bDtotij/l0
GaKeA97pb5uwD9KgWvaFXMIEt8jVTjLEvwRdvCn294GPDF08U8lAkIv7tghluaQh
1QnlE4SEN4LOECj8dsIGJXpGUk3aU3KkJz9icKy+aUgA+2cP21uh6NcDIS3XyfaZ
QjmDQ993ChII8SXWupQZVBiIpcWO4RqZk3lr7Bz5MUCwzDIA359e57SSq5CCkY0N
4B6Vulk7LktfwrdGNVI5BsC9qqxSwSKgRJeZ9wygIaehbHFHFhcBaMDKpiZlBHyz
rsnnlFXCb5s8HKn5LsUgGvB24L7sGNZP2CX7dhHov+YhD+jozLW2p9W4959Bz2Ei
RmqDtmiXLnzqTpXbI+suyCsohKRg6Un0RC47+cpiVwHiXZAW+cn8eiNIjqbVgXLx
KPpdzvvtTnOPlC7SQZSYmdunr3Bf9b77AiC/ZidstK36dRILKz7OA54=
-----END CERTIFICATE-----

2025-01-13T18:38:14.418Z [info]: Output file written to /mnt/main_volume/traefik-config/acme.json
2025-01-13T18:45:03.785Z [info]: Initializing LetsEncrypt service...
2025-01-13T18:45:03.949Z [info]: Creating ACME account...
2025-01-13T18:45:04.995Z [info]: LetsEncrypt account created successfully
2025-01-13T18:45:04.996Z [info]: Starting certificate acquisition for www.wexfi.com
2025-01-13T18:45:04.996Z [info]: Generating CSR for www.wexfi.com
2025-01-13T18:45:05.207Z [info]: Initiating ACME challenge for www.wexfi.com
2025-01-13T18:45:06.592Z [info]: Challenge created for www.wexfi.com
2025-01-13T18:45:06.592Z [info]: Challenge type: dns-01
2025-01-13T18:45:06.592Z [info]: DNS record name: _acme-challenge.www
2025-01-13T18:45:06.592Z [info]: DNS record value: pu4Zp2ImPHxpSVwJogBikg8ZgjkV_A01AK8vsrxweuo
2025-04-10T18:33:57.479Z [info]: Initializing LetsEncrypt service...
2025-04-10T18:33:57.743Z [info]: Creating ACME account...
2025-04-10T18:33:58.786Z [info]: LetsEncrypt account created successfully
2025-04-10T18:33:58.786Z [info]: Starting certificate acquisition for www.wexfi.com
2025-04-10T18:33:58.786Z [info]: Generating CSR for www.wexfi.com
2025-04-10T18:33:58.967Z [info]: Initiating ACME challenge for www.wexfi.com
2025-04-10T18:34:00.406Z [info]: Challenge created for www.wexfi.com
2025-04-10T18:34:00.406Z [info]: Challenge type: dns-01
2025-04-10T18:34:00.406Z [info]: DNS record name: _acme-challenge.www
2025-04-10T18:34:00.406Z [info]: DNS record value: FGE9INk3i2OgAmCzdMV68INm7LtY9oHUO3UQk19oZLE
2025-04-10T18:34:39.361Z [info]: DNS record propagated for www.wexfi.com
2025-04-10T18:34:46.818Z [info]: Challenge removed for www.wexfi.com
2025-04-10T18:34:46.819Z [info]: DNS record name: _acme-challenge.www.wexfi.com
2025-04-10T18:34:50.725Z [info]: Certificate acquired successfully for www.wexfi.com
2025-04-10T18:34:50.725Z [warn]: Chain is not an array for certificate: -----BEGIN CERTIFICATE-----
MIIFGTCCBAGgAwIBAgISBtGFNfiYOopUQcr8lg+mHnKnMA0GCSqGSIb3DQEBCwUA
MDMxCzAJBgNVBAYTAlVTMRYwFAYDVQQKEw1MZXQncyBFbmNyeXB0MQwwCgYDVQQD
EwNSMTAwHhcNMjUwNDEwMTczNjE3WhcNMjUwNzA5MTczNjE2WjAYMRYwFAYDVQQD
Ew13d3cud2V4ZmkuY29tMIIBIjANBgkqhkiG9w0BAQEFAAOCAQ8AMIIBCgKCAQEA
woKO1YlKx0iqnN3WBstIl9EkhdSVx+vzWYvMIfjv8CSC/+tdBAmFZiZN7fVRPYrP
1E7/elJogJYvDVPuymUtlifYWk1Ca4Y2+ie6a7bzMFB0g0dujGkKWAuNUerRbZzr
U6R1LVRnWuG45IjAnbHRzzIRyeAhhZwSZvhqPeOsZ/3UAj3ZkDfR2BGOsN0UH/Nz
jBBWpQpcyqrXvUcuqk4SoV215spNHyeZR0tUtoU3C8HhOGodMODFKk9MsRz/P14F
KnLQQbvlgjmh4+vs7aF5iw7IHX0/+x2LQXyVC3PKFligc85q8c9dGnKySQHCrmPP
rNDCHF+txiw5NGi8wYnKNQIDAQABo4ICQDCCAjwwDgYDVR0PAQH/BAQDAgWgMB0G
A1UdJQQWMBQGCCsGAQUFBwMBBggrBgEFBQcDAjAMBgNVHRMBAf8EAjAAMB0GA1Ud
DgQWBBSHtnWO9aYoKrSYyvk7C7S9+4OjVTAfBgNVHSMEGDAWgBS7vMNHpeS8qcbD
pHIMEI2iNeHI6DBXBggrBgEFBQcBAQRLMEkwIgYIKwYBBQUHMAGGFmh0dHA6Ly9y
MTAuby5sZW5jci5vcmcwIwYIKwYBBQUHMAKGF2h0dHA6Ly9yMTAuaS5sZW5jci5v
cmcvMBgGA1UdEQQRMA+CDXd3dy53ZXhmaS5jb20wEwYDVR0gBAwwCjAIBgZngQwB
AgEwLgYDVR0fBCcwJTAjoCGgH4YdaHR0cDovL3IxMC5jLmxlbmNyLm9yZy80MC5j
cmwwggEDBgorBgEEAdZ5AgQCBIH0BIHxAO8AdgAS8U40vVNyTIQGGcOPP3oT+Oe1
YoeInG0wBYTr5YYmOgAAAZYg+7BHAAAEAwBHMEUCIQDlcKL7EpjxK4Q8u+cnhZ0Q
/pyHvG89Bo8ZuRac3lMtpQIgIbAXJB2693ghh32rz42yhs2oX9wf/4KPKCr1slHy
sBYAdQDM+w9qhXEJZf6Vm1PO6bJ8IumFXA2XjbapflTA/kwNsAAAAZYg+7gqAAAE
AwBGMEQCIEicD6qJPr/JuZV8Zaafk/KMJl01rOE4ZQjcLBXoR4bhAiAMePQBvWQL
7ZxX/h4Q64VjXPpPd4YEE5mJ13hV/EDgjDANBgkqhkiG9w0BAQsFAAOCAQEAnq6N
R6BtX2dZ1+Lf8Mrxr8DF05g6CsAFxBEilCmq+nXhGoAPPz+sstLMBL3bSCE0BWaC
ru6NJ2RYMwTavOJln9r9JPvLrFEOIld2jglFEav4KC77jVbGE488q+ivLTdiNsFl
Tnk7y62whh2tc2tfRQDNbDwlvPqzNoeSoEJfrL79WPRsCY4AlZK70W7xc5k/dY8/
XTqrgVSpF6kJwZk5pKcjtTMSEuEYZgHkkd8Mumnp6ms0w0c4GIS6jntdgv9iUTKU
ymddGPhkrkH8v+aPtozJJGQm25StMYreTfbTi2pjI4ue4An2y5j3sA06XK7gqI2p
+eT3JHaufkBaT1lbVg==
-----END CERTIFICATE-----

-----BEGIN CERTIFICATE-----
MIIFBTCCAu2gAwIBAgIQS6hSk/eaL6JzBkuoBI110DANBgkqhkiG9w0BAQsFADBP
MQswCQYDVQQGEwJVUzEpMCcGA1UEChMgSW50ZXJuZXQgU2VjdXJpdHkgUmVzZWFy
Y2ggR3JvdXAxFTATBgNVBAMTDElTUkcgUm9vdCBYMTAeFw0yNDAzMTMwMDAwMDBa
Fw0yNzAzMTIyMzU5NTlaMDMxCzAJBgNVBAYTAlVTMRYwFAYDVQQKEw1MZXQncyBF
bmNyeXB0MQwwCgYDVQQDEwNSMTAwggEiMA0GCSqGSIb3DQEBAQUAA4IBDwAwggEK
AoIBAQDPV+XmxFQS7bRH/sknWHZGUCiMHT6I3wWd1bUYKb3dtVq/+vbOo76vACFL
YlpaPAEvxVgD9on/jhFD68G14BQHlo9vH9fnuoE5CXVlt8KvGFs3Jijno/QHK20a
/6tYvJWuQP/py1fEtVt/eA0YYbwX51TGu0mRzW4Y0YCF7qZlNrx06rxQTOr8IfM4
FpOUurDTazgGzRYSespSdcitdrLCnF2YRVxvYXvGLe48E1KGAdlX5jgc3421H5KR
mudKHMxFqHJV8LDmowfs/acbZp4/SItxhHFYyTr6717yW0QrPHTnj7JHwQdqzZq3
DZb3EoEmUVQK7GH29/Xi8orIlQ2NAgMBAAGjgfgwgfUwDgYDVR0PAQH/BAQDAgGG
MB0GA1UdJQQWMBQGCCsGAQUFBwMCBggrBgEFBQcDATASBgNVHRMBAf8ECDAGAQH/
AgEAMB0GA1UdDgQWBBS7vMNHpeS8qcbDpHIMEI2iNeHI6DAfBgNVHSMEGDAWgBR5
tFnme7bl5AFzgAiIyBpY9umbbjAyBggrBgEFBQcBAQQmMCQwIgYIKwYBBQUHMAKG
Fmh0dHA6Ly94MS5pLmxlbmNyLm9yZy8wEwYDVR0gBAwwCjAIBgZngQwBAgEwJwYD
VR0fBCAwHjAcoBqgGIYWaHR0cDovL3gxLmMubGVuY3Iub3JnLzANBgkqhkiG9w0B
AQsFAAOCAgEAkrHnQTfreZ2B5s3iJeE6IOmQRJWjgVzPw139vaBw1bGWKCIL0vIo
zwzn1OZDjCQiHcFCktEJr59L9MhwTyAWsVrdAfYf+B9haxQnsHKNY67u4s5Lzzfd
u6PUzeetUK29v+PsPmI2cJkxp+iN3epi4hKu9ZzUPSwMqtCceb7qPVxEbpYxY1p9
1n5PJKBLBX9eb9LU6l8zSxPWV7bK3lG4XaMJgnT9x3ies7msFtpKK5bDtotij/l0
GaKeA97pb5uwD9KgWvaFXMIEt8jVTjLEvwRdvCn294GPDF08U8lAkIv7tghluaQh
1QnlE4SEN4LOECj8dsIGJXpGUk3aU3KkJz9icKy+aUgA+2cP21uh6NcDIS3XyfaZ
QjmDQ993ChII8SXWupQZVBiIpcWO4RqZk3lr7Bz5MUCwzDIA359e57SSq5CCkY0N
4B6Vulk7LktfwrdGNVI5BsC9qqxSwSKgRJeZ9wygIaehbHFHFhcBaMDKpiZlBHyz
rsnnlFXCb5s8HKn5LsUgGvB24L7sGNZP2CX7dhHov+YhD+jozLW2p9W4959Bz2Ei
RmqDtmiXLnzqTpXbI+suyCsohKRg6Un0RC47+cpiVwHiXZAW+cn8eiNIjqbVgXLx
KPpdzvvtTnOPlC7SQZSYmdunr3Bf9b77AiC/ZidstK36dRILKz7OA54=
-----END CERTIFICATE-----

2025-04-10T18:34:50.725Z [info]: Starting certificate acquisition for wexfi.com
2025-04-10T18:34:50.725Z [info]: Generating CSR for wexfi.com
2025-04-10T18:34:50.980Z [info]: Initiating ACME challenge for wexfi.com
2025-04-10T18:34:52.230Z [info]: Challenge created for wexfi.com
2025-04-10T18:34:52.230Z [info]: Challenge type: dns-01
2025-04-10T18:34:52.230Z [info]: DNS record name: _acme-challenge.@
2025-04-10T18:34:52.230Z [info]: DNS record value: 5ehgiYzqf4BaFw23oirRk_blA0rxisVZEfecmABdh9o
2025-04-10T18:35:18.489Z [info]: DNS record propagated for wexfi.com
2025-04-10T18:35:25.845Z [info]: Challenge removed for wexfi.com
2025-04-10T18:35:25.845Z [info]: DNS record name: _acme-challenge.wexfi.com
2025-04-10T18:35:27.332Z [info]: Certificate acquired successfully for wexfi.com
2025-04-10T18:35:27.333Z [warn]: Chain is not an array for certificate: -----BEGIN CERTIFICATE-----
MIIFETCCA/mgAwIBAgISBVhOL3ybGT/MFDIgiiUvSJwGMA0GCSqGSIb3DQEBCwUA
MDMxCzAJBgNVBAYTAlVTMRYwFAYDVQQKEw1MZXQncyBFbmNyeXB0MQwwCgYDVQQD
EwNSMTEwHhcNMjUwNDEwMTczNjU2WhcNMjUwNzA5MTczNjU1WjAUMRIwEAYDVQQD
Ewl3ZXhmaS5jb20wggEiMA0GCSqGSIb3DQEBAQUAA4IBDwAwggEKAoIBAQCPLUvi
yDYBNDL8ZN9u3DJnsoh1tMIZmSCWWLBrWuM5i31cq5HYHJGCSfz9TmDzGpRTRNrx
2cGttZzro9HY7Iv6j4cwTH3iMIByM7rDEvhbjs6+hZCmDLrmqUELxqytn+mS9xsf
G1HnxHf7S6LU3b7Hhfa7cvkO/8HhIMjvwcro99LFETgypAF9trHifAYK32xNCcOm
ky8y1HKns5Sck2zLRgIKJfB/P8vcrv+LJlMdM6FG1lApEGCGuqsZ7HGx2IQR4ErS
7Bmi69YJO10L1yN31b5Do1Vk6Mvx30SyK9oRSjQtZ0QwrKrGUWBei29cTOfgUHU4
Vk1eN+8dAjcNo5Z5AgMBAAGjggI8MIICODAOBgNVHQ8BAf8EBAMCBaAwHQYDVR0l
BBYwFAYIKwYBBQUHAwEGCCsGAQUFBwMCMAwGA1UdEwEB/wQCMAAwHQYDVR0OBBYE
FAgKrtOcd/JMJqKjoEohjJMqFRVrMB8GA1UdIwQYMBaAFMXPRqTq9MPAemyVxC2w
XpIvJuO5MFcGCCsGAQUFBwEBBEswSTAiBggrBgEFBQcwAYYWaHR0cDovL3IxMS5v
LmxlbmNyLm9yZzAjBggrBgEFBQcwAoYXaHR0cDovL3IxMS5pLmxlbmNyLm9yZy8w
FAYDVR0RBA0wC4IJd2V4ZmkuY29tMBMGA1UdIAQMMAowCAYGZ4EMAQIBMC0GA1Ud
HwQmMCQwIqAgoB6GHGh0dHA6Ly9yMTEuYy5sZW5jci5vcmcvNy5jcmwwggEEBgor
BgEEAdZ5AgQCBIH1BIHyAPAAdQDM+w9qhXEJZf6Vm1PO6bJ8IumFXA2XjbapflTA
/kwNsAAAAZYg/Ed2AAAEAwBGMEQCIDkCfUYaNhpRuol7lC4eGzT1e6xq5rUpUdoZ
uBufDKohAiAVCs9UZOgdqFXdk/tfzA+VGsRV3j6PjveiS5wA868PVAB3AN3cyjSV
1+EWBeeVMvrHn/g9HFDf2wA6FBJ2Ciysu8gqAAABliD8R6EAAAQDAEgwRgIhAIcj
aA4BKermzZJC942Y/UvKqISZTyIe5RbWgW61tsi5AiEA9G6AuBx4kOTewSTubdKA
k2gcyxbEd5RCEm2IM0VE5fowDQYJKoZIhvcNAQELBQADggEBAB1OblWjcfN6YvIx
pFfcGSlIqhlhex7lr8syDDzC9935aYwqBSWLKttUDpySxauDqO9AgBVl0jmg4/Sq
ircivc/Ds5BgX9KtHmL4z/LMK1cn7BAwNSixHTnPKMiPpg9X+ro6PvBUKLiIdjPD
da+tci8lcMToB6dSfxb3PHbGoKEqfJz5VhRzYrHiXqWC511cSgfjtt22+zHatOSd
MRGz+unQnSXDv5FfiADJ1LEHPnECJ39Z1vTkF4c9ey9lWIrlTcVxboqvtV5XeUnM
KHDw4BCIkJNuBUvlZF43QsUlN52yl167jCu5N+hp8cdPOWjE0ALTh8DbRSpKpgPy
QIel14Y=
-----END CERTIFICATE-----

-----BEGIN CERTIFICATE-----
MIIFBjCCAu6gAwIBAgIRAIp9PhPWLzDvI4a9KQdrNPgwDQYJKoZIhvcNAQELBQAw
TzELMAkGA1UEBhMCVVMxKTAnBgNVBAoTIEludGVybmV0IFNlY3VyaXR5IFJlc2Vh
cmNoIEdyb3VwMRUwEwYDVQQDEwxJU1JHIFJvb3QgWDEwHhcNMjQwMzEzMDAwMDAw
WhcNMjcwMzEyMjM1OTU5WjAzMQswCQYDVQQGEwJVUzEWMBQGA1UEChMNTGV0J3Mg
RW5jcnlwdDEMMAoGA1UEAxMDUjExMIIBIjANBgkqhkiG9w0BAQEFAAOCAQ8AMIIB
CgKCAQEAuoe8XBsAOcvKCs3UZxD5ATylTqVhyybKUvsVAbe5KPUoHu0nsyQYOWcJ
DAjs4DqwO3cOvfPlOVRBDE6uQdaZdN5R2+97/1i9qLcT9t4x1fJyyXJqC4N0lZxG
AGQUmfOx2SLZzaiSqhwmej/+71gFewiVgdtxD4774zEJuwm+UE1fj5F2PVqdnoPy
6cRms+EGZkNIGIBloDcYmpuEMpexsr3E+BUAnSeI++JjF5ZsmydnS8TbKF5pwnnw
SVzgJFDhxLyhBax7QG0AtMJBP6dYuC/FXJuluwme8f7rsIU5/agK70XEeOtlKsLP
Xzze41xNG/cLJyuqC0J3U095ah2H2QIDAQABo4H4MIH1MA4GA1UdDwEB/wQEAwIB
hjAdBgNVHSUEFjAUBggrBgEFBQcDAgYIKwYBBQUHAwEwEgYDVR0TAQH/BAgwBgEB
/wIBADAdBgNVHQ4EFgQUxc9GpOr0w8B6bJXELbBeki8m47kwHwYDVR0jBBgwFoAU
ebRZ5nu25eQBc4AIiMgaWPbpm24wMgYIKwYBBQUHAQEEJjAkMCIGCCsGAQUFBzAC
hhZodHRwOi8veDEuaS5sZW5jci5vcmcvMBMGA1UdIAQMMAowCAYGZ4EMAQIBMCcG
A1UdHwQgMB4wHKAaoBiGFmh0dHA6Ly94MS5jLmxlbmNyLm9yZy8wDQYJKoZIhvcN
AQELBQADggIBAE7iiV0KAxyQOND1H/lxXPjDj7I3iHpvsCUf7b632IYGjukJhM1y
v4Hz/MrPU0jtvfZpQtSlET41yBOykh0FX+ou1Nj4ScOt9ZmWnO8m2OG0JAtIIE38
01S0qcYhyOE2G/93ZCkXufBL713qzXnQv5C/viOykNpKqUgxdKlEC+Hi9i2DcaR1
e9KUwQUZRhy5j/PEdEglKg3l9dtD4tuTm7kZtB8v32oOjzHTYw+7KdzdZiw/sBtn
UfhBPORNuay4pJxmY/WrhSMdzFO2q3Gu3MUBcdo27goYKjL9CTF8j/Zz55yctUoV
aneCWs/ajUX+HypkBTA+c8LGDLnWO2NKq0YD/pnARkAnYGPfUDoHR9gVSp/qRx+Z
WghiDLZsMwhN1zjtSC0uBWiugF3vTNzYIEFfaPG7Ws3jDrAMMYebQ95JQ+HIBD/R
PBuHRTBpqKlyDnkSHDHYPiNX3adPoPAcgdF3H2/W0rmoswMWgTlLn1Wu0mrks7/q
pdWfS6PJ1jty80r2VKsM/Dj3YIDfbjXKdaFU5C+8bhfJGqU3taKauuz0wHVGT3eo
6FlWkWYtbt4pgdamlwVeZEW+LM7qZEJEsMNPrfC03APKmZsJgpWCDWOKZvkZcvjV
uYkQ4omYCTX5ohy+knMjdOmdH9c7SpqEWBDC86fiNex+O0XOMEZSa8DA
-----END CERTIFICATE-----

2025-04-10T18:35:27.333Z [info]: Starting certificate acquisition for api.wexfi.com
2025-04-10T18:35:27.333Z [info]: Generating CSR for api.wexfi.com
2025-04-10T18:35:27.645Z [info]: Initiating ACME challenge for api.wexfi.com
2025-04-10T18:35:28.895Z [info]: Challenge created for api.wexfi.com
2025-04-10T18:35:28.895Z [info]: Challenge type: dns-01
2025-04-10T18:35:28.895Z [info]: DNS record name: _acme-challenge.api
2025-04-10T18:35:28.895Z [info]: DNS record value: 7JUS3zzsUmc7Eu5KM1_Fn3anPQR76Pmh5GnusWuph2Y
2025-04-10T18:35:45.144Z [info]: DNS record propagated for api.wexfi.com
2025-04-10T18:35:52.549Z [info]: Challenge removed for api.wexfi.com
2025-04-10T18:35:52.549Z [info]: DNS record name: _acme-challenge.api.wexfi.com
2025-04-10T18:35:55.923Z [info]: Certificate acquired successfully for api.wexfi.com
2025-04-10T18:35:55.923Z [warn]: Chain is not an array for certificate: -----BEGIN CERTIFICATE-----
MIIFGzCCBAOgAwIBAgISBYohulrLMkLq7XOsjcuksBJ0MA0GCSqGSIb3DQEBCwUA
MDMxCzAJBgNVBAYTAlVTMRYwFAYDVQQKEw1MZXQncyBFbmNyeXB0MQwwCgYDVQQD
EwNSMTAwHhcNMjUwNDEwMTczNzIzWhcNMjUwNzA5MTczNzIyWjAYMRYwFAYDVQQD
Ew1hcGkud2V4ZmkuY29tMIIBIjANBgkqhkiG9w0BAQEFAAOCAQ8AMIIBCgKCAQEA
1UVtXT49M3dcqjYCiZKCt5Rl3zrMQ0gITm4DssDD1X6E86oNzUKwx5s43fl1i1Ce
Ojl7mooCOtof4uluL0gBBdkz+Z2+6+zWPQ8WPrGTaz/9xNwP+D0I9do4rQ3AE5Z1
m1h3eiOk2aDWhwhuLiRK33nE8xxb+8oeO2RM9XwDe+0m1Z2q2I3k4YkEj4p4gXPE
TfbFvpvE4Yg6oQue2AgMY2OZNZvNWSuD4tAzhn/hJMzN4yyYpwobGE67TMvtd3Jm
HzBsoBeombTx1H6v0l0FWwBOOF/lIc5NvRkShiW9LOPeLVbLM4hdTjRVsVz167rX
xwVzybCkyhTgQODaMWWFEwIDAQABo4ICQjCCAj4wDgYDVR0PAQH/BAQDAgWgMB0G
A1UdJQQWMBQGCCsGAQUFBwMBBggrBgEFBQcDAjAMBgNVHRMBAf8EAjAAMB0GA1Ud
DgQWBBRZ7D6JoyKhpQI6zk8xcUk0P7gNszAfBgNVHSMEGDAWgBS7vMNHpeS8qcbD
pHIMEI2iNeHI6DBXBggrBgEFBQcBAQRLMEkwIgYIKwYBBQUHMAGGFmh0dHA6Ly9y
MTAuby5sZW5jci5vcmcwIwYIKwYBBQUHMAKGF2h0dHA6Ly9yMTAuaS5sZW5jci5v
cmcvMBgGA1UdEQQRMA+CDWFwaS53ZXhmaS5jb20wEwYDVR0gBAwwCjAIBgZngQwB
AgEwLwYDVR0fBCgwJjAkoCKgIIYeaHR0cDovL3IxMC5jLmxlbmNyLm9yZy8xMTcu
Y3JsMIIBBAYKKwYBBAHWeQIEAgSB9QSB8gDwAHYAEvFONL1TckyEBhnDjz96E/jn
tWKHiJxtMAWE6+WGJjoAAAGWIPyvxgAABAMARzBFAiEA6nyaCasWomevHqBmi5qg
WIUumLTHnnjUEbLkDqJrsK4CIEW/J32SRAlHEJoPKp4CpBMxiCL4ZzKJEd5OZdRT
roDPAHYAzPsPaoVxCWX+lZtTzumyfCLphVwNl422qX5UwP5MDbAAAAGWIPy3rAAA
BAMARzBFAiAHaKWq5Wb/0CWX3wx3wxyOrAZkIfaLaD7mTM784BlCqAIhAIhiRm8g
MdIWPQSitfGvDNIR9VgNduXZNfTk6nBP8iVcMA0GCSqGSIb3DQEBCwUAA4IBAQDF
cKIu5xwTfYr6xBByqQ7soAWx3W7eRdhFgGu/hm7QGW763c2Szrvp0xwoittFwCLo
iqgvGjSDrB8mVtk6HJQh5BiV3wng9YhFDfsgWeF+0JzdSGgWB5MNToEsywDb17im
YFsHBCXLcVtmf9AcYRQ11haEdXdmCxc3im+5BaMMJ2AOhy5g+M9+TJxNM0eiz6SM
mRKi8t8FyibwAGKaIqbILe5dqi2uJi7bsr0/l/CoqvVyKd6ABubZPOGdxfFLhWez
oIa+xyNimJOPJyx7Zs+vu5viVDJslmyp/BK3wRxCvkXQj4h0PEiaDaQdookoxkjm
qmlE6zSzvca9vPSnLy9M
-----END CERTIFICATE-----

-----BEGIN CERTIFICATE-----
MIIFBTCCAu2gAwIBAgIQS6hSk/eaL6JzBkuoBI110DANBgkqhkiG9w0BAQsFADBP
MQswCQYDVQQGEwJVUzEpMCcGA1UEChMgSW50ZXJuZXQgU2VjdXJpdHkgUmVzZWFy
Y2ggR3JvdXAxFTATBgNVBAMTDElTUkcgUm9vdCBYMTAeFw0yNDAzMTMwMDAwMDBa
Fw0yNzAzMTIyMzU5NTlaMDMxCzAJBgNVBAYTAlVTMRYwFAYDVQQKEw1MZXQncyBF
bmNyeXB0MQwwCgYDVQQDEwNSMTAwggEiMA0GCSqGSIb3DQEBAQUAA4IBDwAwggEK
AoIBAQDPV+XmxFQS7bRH/sknWHZGUCiMHT6I3wWd1bUYKb3dtVq/+vbOo76vACFL
YlpaPAEvxVgD9on/jhFD68G14BQHlo9vH9fnuoE5CXVlt8KvGFs3Jijno/QHK20a
/6tYvJWuQP/py1fEtVt/eA0YYbwX51TGu0mRzW4Y0YCF7qZlNrx06rxQTOr8IfM4
FpOUurDTazgGzRYSespSdcitdrLCnF2YRVxvYXvGLe48E1KGAdlX5jgc3421H5KR
mudKHMxFqHJV8LDmowfs/acbZp4/SItxhHFYyTr6717yW0QrPHTnj7JHwQdqzZq3
DZb3EoEmUVQK7GH29/Xi8orIlQ2NAgMBAAGjgfgwgfUwDgYDVR0PAQH/BAQDAgGG
MB0GA1UdJQQWMBQGCCsGAQUFBwMCBggrBgEFBQcDATASBgNVHRMBAf8ECDAGAQH/
AgEAMB0GA1UdDgQWBBS7vMNHpeS8qcbDpHIMEI2iNeHI6DAfBgNVHSMEGDAWgBR5
tFnme7bl5AFzgAiIyBpY9umbbjAyBggrBgEFBQcBAQQmMCQwIgYIKwYBBQUHMAKG
Fmh0dHA6Ly94MS5pLmxlbmNyLm9yZy8wEwYDVR0gBAwwCjAIBgZngQwBAgEwJwYD
VR0fBCAwHjAcoBqgGIYWaHR0cDovL3gxLmMubGVuY3Iub3JnLzANBgkqhkiG9w0B
AQsFAAOCAgEAkrHnQTfreZ2B5s3iJeE6IOmQRJWjgVzPw139vaBw1bGWKCIL0vIo
zwzn1OZDjCQiHcFCktEJr59L9MhwTyAWsVrdAfYf+B9haxQnsHKNY67u4s5Lzzfd
u6PUzeetUK29v+PsPmI2cJkxp+iN3epi4hKu9ZzUPSwMqtCceb7qPVxEbpYxY1p9
1n5PJKBLBX9eb9LU6l8zSxPWV7bK3lG4XaMJgnT9x3ies7msFtpKK5bDtotij/l0
GaKeA97pb5uwD9KgWvaFXMIEt8jVTjLEvwRdvCn294GPDF08U8lAkIv7tghluaQh
1QnlE4SEN4LOECj8dsIGJXpGUk3aU3KkJz9icKy+aUgA+2cP21uh6NcDIS3XyfaZ
QjmDQ993ChII8SXWupQZVBiIpcWO4RqZk3lr7Bz5MUCwzDIA359e57SSq5CCkY0N
4B6Vulk7LktfwrdGNVI5BsC9qqxSwSKgRJeZ9wygIaehbHFHFhcBaMDKpiZlBHyz
rsnnlFXCb5s8HKn5LsUgGvB24L7sGNZP2CX7dhHov+YhD+jozLW2p9W4959Bz2Ei
RmqDtmiXLnzqTpXbI+suyCsohKRg6Un0RC47+cpiVwHiXZAW+cn8eiNIjqbVgXLx
KPpdzvvtTnOPlC7SQZSYmdunr3Bf9b77AiC/ZidstK36dRILKz7OA54=
-----END CERTIFICATE-----

2025-04-10T18:35:55.923Z [info]: Starting certificate acquisition for socket.wexfi.com
2025-04-10T18:35:55.923Z [info]: Generating CSR for socket.wexfi.com
2025-04-10T18:35:56.055Z [info]: Initiating ACME challenge for socket.wexfi.com
2025-04-10T18:35:57.327Z [info]: Challenge created for socket.wexfi.com
2025-04-10T18:35:57.327Z [info]: Challenge type: dns-01
2025-04-10T18:35:57.327Z [info]: DNS record name: _acme-challenge.socket
2025-04-10T18:35:57.327Z [info]: DNS record value: e9yqhqkxFtG3RyGwT2FWOJhQGsydRAvYkXuh1ba3xoE
2025-04-10T18:36:14.928Z [info]: DNS record propagated for socket.wexfi.com
2025-04-10T18:36:22.255Z [info]: Challenge removed for socket.wexfi.com
2025-04-10T18:36:22.255Z [info]: DNS record name: _acme-challenge.socket.wexfi.com
2025-04-10T18:36:24.215Z [info]: Certificate acquired successfully for socket.wexfi.com
2025-04-10T18:36:24.215Z [warn]: Chain is not an array for certificate: -----BEGIN CERTIFICATE-----
MIIFIDCCBAigAwIBAgISBsFa9ufxAQje2rsG+IGYzA60MA0GCSqGSIb3DQEBCwUA
MDMxCzAJBgNVBAYTAlVTMRYwFAYDVQQKEw1MZXQncyBFbmNyeXB0MQwwCgYDVQQD
EwNSMTEwHhcNMjUwNDEwMTczNzUyWhcNMjUwNzA5MTczNzUxWjAbMRkwFwYDVQQD
ExBzb2NrZXQud2V4ZmkuY29tMIIBIjANBgkqhkiG9w0BAQEFAAOCAQ8AMIIBCgKC
AQEAm6E2ZaV0z5AYu0xgjhCZMTevNgTkiNqXLYYcUXZk2XHYiTGFULJV7cv5Jbg2
23j/kXsqnURaafnz/DHWsMKH3IcFzuuIP4ZP6GMFT6Ig89w4ILGdNZsuapPJqzUH
xfFtb1F3wYy+G9xdh5XV9nRIfT6ogpOopkVsfUZlKUQ0ivxvRb9Trg19XugG++Jl
Bh9mFAcpM+Lymwjpaio6hkYzKrhDFEBUHBlpjpRMdlRg1E4e0X0Sx0J7vkMAJLz5
1J+h6RiMOiubAeHRZKNj/571eSw6hhzcSQo1oiexxxppMC2SftmR9/J/189+2ja6
5yllBN6fFch2/KRFJ2Icrxr0AwIDAQABo4ICRDCCAkAwDgYDVR0PAQH/BAQDAgWg
MB0GA1UdJQQWMBQGCCsGAQUFBwMBBggrBgEFBQcDAjAMBgNVHRMBAf8EAjAAMB0G
A1UdDgQWBBRKLdfagPenhGIS6iIN2tnEalRo6zAfBgNVHSMEGDAWgBTFz0ak6vTD
wHpslcQtsF6SLybjuTBXBggrBgEFBQcBAQRLMEkwIgYIKwYBBQUHMAGGFmh0dHA6
Ly9yMTEuby5sZW5jci5vcmcwIwYIKwYBBQUHMAKGF2h0dHA6Ly9yMTEuaS5sZW5j
ci5vcmcvMBsGA1UdEQQUMBKCEHNvY2tldC53ZXhmaS5jb20wEwYDVR0gBAwwCjAI
BgZngQwBAgEwLgYDVR0fBCcwJTAjoCGgH4YdaHR0cDovL3IxMS5jLmxlbmNyLm9y
Zy81My5jcmwwggEEBgorBgEEAdZ5AgQCBIH1BIHyAPAAdgDM+w9qhXEJZf6Vm1PO
6bJ8IumFXA2XjbapflTA/kwNsAAAAZYg/STXAAAEAwBHMEUCIQDel/h2ixbCO0hv
D34lqp4grWFO6SChnyAzmgWzQRy23QIgNr393gBenhTUeAA2VMYeOgnVlYtjyl9D
KrWGQYqQpTgAdgDd3Mo0ldfhFgXnlTL6x5/4PRxQ39sAOhQSdgosrLvIKgAAAZYg
/SUOAAAEAwBHMEUCIQCHsQIDMWKxM4VrWHigAzqQhT7vn30PIF+r77JmR9RokQIg
ekdW5nXk+ahZovVx0dfMeRknyA3ZW3aL4QXHuWMJH2AwDQYJKoZIhvcNAQELBQAD
ggEBAGJw6mHDoBYZ//D4lhiTx93kiQIM6H9uQrfLgJeOaIrPAeCKBdEP/zEDuZHV
i9i1khZo3Z8HqQc2JnMwr0awYC1M709cAPTO9eLYT6SYn6EscXwmmAYn5ugBTAbv
DFJyHyxli6/0Wkz9aWGF0Ls8zRSiUVrAx4veDLRWwNrA3kB/q36x2+yJhXBrQHr9
hKewkm5AiMKGeUjs5avgyYqCIbaNFhC+DGxIK9taYz3JnHMKyO4nKDrEkMJhnXXs
Rc8h8DwLFWe5xl01OUAxfNEusCIAxZil4Ah0Bvvoo97UY95R3+iUmS4rpb6tzn39
bLdoIBv6qda9avWwEptWGY9SeUU=
-----END CERTIFICATE-----

-----BEGIN CERTIFICATE-----
MIIFBjCCAu6gAwIBAgIRAIp9PhPWLzDvI4a9KQdrNPgwDQYJKoZIhvcNAQELBQAw
TzELMAkGA1UEBhMCVVMxKTAnBgNVBAoTIEludGVybmV0IFNlY3VyaXR5IFJlc2Vh
cmNoIEdyb3VwMRUwEwYDVQQDEwxJU1JHIFJvb3QgWDEwHhcNMjQwMzEzMDAwMDAw
WhcNMjcwMzEyMjM1OTU5WjAzMQswCQYDVQQGEwJVUzEWMBQGA1UEChMNTGV0J3Mg
RW5jcnlwdDEMMAoGA1UEAxMDUjExMIIBIjANBgkqhkiG9w0BAQEFAAOCAQ8AMIIB
CgKCAQEAuoe8XBsAOcvKCs3UZxD5ATylTqVhyybKUvsVAbe5KPUoHu0nsyQYOWcJ
DAjs4DqwO3cOvfPlOVRBDE6uQdaZdN5R2+97/1i9qLcT9t4x1fJyyXJqC4N0lZxG
AGQUmfOx2SLZzaiSqhwmej/+71gFewiVgdtxD4774zEJuwm+UE1fj5F2PVqdnoPy
6cRms+EGZkNIGIBloDcYmpuEMpexsr3E+BUAnSeI++JjF5ZsmydnS8TbKF5pwnnw
SVzgJFDhxLyhBax7QG0AtMJBP6dYuC/FXJuluwme8f7rsIU5/agK70XEeOtlKsLP
Xzze41xNG/cLJyuqC0J3U095ah2H2QIDAQABo4H4MIH1MA4GA1UdDwEB/wQEAwIB
hjAdBgNVHSUEFjAUBggrBgEFBQcDAgYIKwYBBQUHAwEwEgYDVR0TAQH/BAgwBgEB
/wIBADAdBgNVHQ4EFgQUxc9GpOr0w8B6bJXELbBeki8m47kwHwYDVR0jBBgwFoAU
ebRZ5nu25eQBc4AIiMgaWPbpm24wMgYIKwYBBQUHAQEEJjAkMCIGCCsGAQUFBzAC
hhZodHRwOi8veDEuaS5sZW5jci5vcmcvMBMGA1UdIAQMMAowCAYGZ4EMAQIBMCcG
A1UdHwQgMB4wHKAaoBiGFmh0dHA6Ly94MS5jLmxlbmNyLm9yZy8wDQYJKoZIhvcN
AQELBQADggIBAE7iiV0KAxyQOND1H/lxXPjDj7I3iHpvsCUf7b632IYGjukJhM1y
v4Hz/MrPU0jtvfZpQtSlET41yBOykh0FX+ou1Nj4ScOt9ZmWnO8m2OG0JAtIIE38
01S0qcYhyOE2G/93ZCkXufBL713qzXnQv5C/viOykNpKqUgxdKlEC+Hi9i2DcaR1
e9KUwQUZRhy5j/PEdEglKg3l9dtD4tuTm7kZtB8v32oOjzHTYw+7KdzdZiw/sBtn
UfhBPORNuay4pJxmY/WrhSMdzFO2q3Gu3MUBcdo27goYKjL9CTF8j/Zz55yctUoV
aneCWs/ajUX+HypkBTA+c8LGDLnWO2NKq0YD/pnARkAnYGPfUDoHR9gVSp/qRx+Z
WghiDLZsMwhN1zjtSC0uBWiugF3vTNzYIEFfaPG7Ws3jDrAMMYebQ95JQ+HIBD/R
PBuHRTBpqKlyDnkSHDHYPiNX3adPoPAcgdF3H2/W0rmoswMWgTlLn1Wu0mrks7/q
pdWfS6PJ1jty80r2VKsM/Dj3YIDfbjXKdaFU5C+8bhfJGqU3taKauuz0wHVGT3eo
6FlWkWYtbt4pgdamlwVeZEW+LM7qZEJEsMNPrfC03APKmZsJgpWCDWOKZvkZcvjV
uYkQ4omYCTX5ohy+knMjdOmdH9c7SpqEWBDC86fiNex+O0XOMEZSa8DA
-----END CERTIFICATE-----

2025-04-10T18:36:24.230Z [info]: Output file written to /mnt/main_volume/traefik-config/acme.json
